#
# A fatal error has been detected by the Java Runtime Environment:
#
#  Internal Error (jvmciRuntime.cpp:1609), pid=74, tid=136
#  fatal error: Fatal exception in JVMCI: Error calling jdk.vm.ci.services.Services.serializeSavedProperties
#
# JRE version: OpenJDK Runtime Environment GraalVM CE 22.3.0 (17.0.5+8) (build 17.0.5+8-jvmci-22.3-b08)
# Java VM: OpenJDK 64-Bit Server VM GraalVM CE 22.3.0 (17.0.5+8-jvmci-22.3-b08, mixed mode, sharing, tiered, jvmci, jvmci compiler, compressed oops, compressed class ptrs, parallel gc, linux-amd64)
# Problematic frame:
# V  [libjvm.so+0x972714]  JVMCIRuntime::fatal_exception(JVMCIEnv*, char const*)+0x74
#
# Core dump will be written. Default location: Core dumps may be processed with "/usr/share/apport/apport -p%p -s%s -c%c -d%d -P%P -u%u -g%g -- %E" (or dumping to /home/runner/Trabalho/core.74)
#
# If you would like to submit a bug report, please visit:
#   https://github.com/oracle/graal/issues
#

---------------  S U M M A R Y ------------

Command Line: -XX:ThreadPriorityPolicy=1 -XX:+UnlockExperimentalVMOptions -XX:+EnableJVMCIProduct -XX:JVMCIThreadsPerNativeLibraryRuntime=1 -XX:-UnlockExperimentalVMOptions -Declipse.application=org.eclipse.jdt.ls.core.id1 -Dosgi.bundles.defaultStartLevel=4 -Declipse.product=org.eclipse.jdt.ls.core.product -Dlog.level=ALL -Xverify:none -XX:+UseParallelGC -XX:GCTimeRatio=4 -XX:AdaptiveSizePolicyWeight=90 -Dsun.zip.disableMemoryMapping=true -Xmx512m -Xms100m /nix/store/q9712qvwdh22a4krw4jz2sjrz07mvjbl-jdt-language-server-1.9.0/share/java/plugins/org.eclipse.equinox.launcher_1.6.400.v20210924-0641.jar --add-modules=ALL-SYSTEM --add-opens java.base/java.util=ALL-UNNAMED --add-opens java.base/java.lang=ALL-UNNAMED -configuration /home/runner/Trabalho/.cache/jdt-language-server/config -data /home/runner/.cache/jdt-language-server/data/home/runner/Trabalho

Host: Intel(R) Xeon(R) CPU @ 2.20GHz, 8 cores, 1G, Ubuntu 20.04.2 LTS
Time: Fri May 10 16:03:52 2024 UTC elapsed time: 1376.057548 seconds (0d 0h 22m 56s)

---------------  T H R E A D  ---------------

Current thread (0x00007628b00b1980):  JavaThread "JVMCI-native CompilerThread0" daemon [_thread_in_vm, id=136, stack(0x000076289651a000,0x000076289671a000)]


Current CompileTask:
JVMCI-native:1376057 10239       4       org.eclipse.jdt.internal.core.util.LRUCache::privateAddEntry (87 bytes)

Stack: [0x000076289651a000,0x000076289671a000],  sp=0x0000762896718380,  free space=2040k
Native frames: (J=compiled Java code, j=interpreted, Vv=VM code, C=native code)
V  [libjvm.so+0x972714]  JVMCIRuntime::fatal_exception(JVMCIEnv*, char const*)+0x74
V  [libjvm.so+0x93e2fe]  JVMCIEnv::copy_saved_properties()+0x14e
V  [libjvm.so+0x9732a9]  JVMCIRuntime::initialize(JVMCIEnv*)+0xb19
V  [libjvm.so+0x9738a2]  JVMCIRuntime::get_HotSpotJVMCIRuntime(JVMCIEnv*)+0x12
V  [libjvm.so+0x9749f2]  JVMCIRuntime::compile_method(JVMCIEnv*, JVMCICompiler*, methodHandle const&, int)+0xd2
V  [libjvm.so+0x5b0d20]  CompileBroker::invoke_compiler_on_method(CompileTask*)+0x1470
V  [libjvm.so+0x5b12e8]  CompileBroker::compiler_thread_loop()+0x528
V  [libjvm.so+0xd82460]  JavaThread::thread_main_inner()+0xd0
V  [libjvm.so+0xd85a40]  Thread::call_run()+0xc0
V  [libjvm.so+0xbdb1e1]  thread_native_entry(Thread*)+0xe1

Register to memory mapping:

RAX=0x00007628b61e7000 points into unknown readable memory: 0x0000000000000058 | 58 00 00 00 00 00 00 00
RBX=0x00007628b72e2398: <offset 0x0000000000ef5398> in /nix/store/gpxl5qgg8kicmcvivwmybwjlpf7wh20l-graalvm17-ce-22.3.0/lib/server/libjvm.so at 0x00007628b63ed000
RCX=0x00007628b729a1e8: <offset 0x0000000000ead1e8> in /nix/store/gpxl5qgg8kicmcvivwmybwjlpf7wh20l-graalvm17-ce-22.3.0/lib/server/libjvm.so at 0x00007628b63ed000
RDX=0x0000000000000649 is an unknown value
RSP=0x0000762896718380 is pointing into the stack for thread: 0x00007628b00b1980
RBP=0x00007628967183a0 is pointing into the stack for thread: 0x00007628b00b1980
RSI=0x00007628b72e2c48: <offset 0x0000000000ef5c48> in /nix/store/gpxl5qgg8kicmcvivwmybwjlpf7wh20l-graalvm17-ce-22.3.0/lib/server/libjvm.so at 0x00007628b63ed000
RDI=0x00000000e0000000 is an oop: [B 
{0x00000000e0000000} - klass: {type array byte}
 - length: 44
R8 =0x00007628b72e2398: <offset 0x0000000000ef5398> in /nix/store/gpxl5qgg8kicmcvivwmybwjlpf7wh20l-graalvm17-ce-22.3.0/lib/server/libjvm.so at 0x00007628b63ed000
R9 =0x0000762896718330 is pointing into the stack for thread: 0x00007628b00b1980
R10=0x0000762896719948 is pointing into the stack for thread: 0x00007628b00b1980
R11=0x0000000000000293 is an unknown value
R12=0x0 is NULL
R13=0x00007628b00b1980 is a thread
R14=0x00007628b0000b80 points into unknown readable memory: 0x00007628b7513a38 | 38 3a 51 b7 28 76 00 00
R15=0x00007628b7621e40: <offset 0x0000000001234e40> in /nix/store/gpxl5qgg8kicmcvivwmybwjlpf7wh20l-graalvm17-ce-22.3.0/lib/server/libjvm.so at 0x00007628b63ed000


Registers:
RAX=0x00007628b61e7000, RBX=0x00007628b72e2398, RCX=0x00007628b729a1e8, RDX=0x0000000000000649
RSP=0x0000762896718380, RBP=0x00007628967183a0, RSI=0x00007628b72e2c48, RDI=0x00000000e0000000
R8 =0x00007628b72e2398, R9 =0x0000762896718330, R10=0x0000762896719948, R11=0x0000000000000293
R12=0x0000000000000000, R13=0x00007628b00b1980, R14=0x00007628b0000b80, R15=0x00007628b7621e40
RIP=0x00007628b6d5f714, EFLAGS=0x0000000000010206, CSGSFS=0x002b000000000033, ERR=0x0000000000000006
  TRAPNO=0x000000000000000e

Top of Stack: (sp=0x0000762896718380)
0x0000762896718380:   0000762896718940 00007628b00b1980
0x0000762896718390:   00007628b4b7a388 0000000800c41c18
0x00007628967183a0:   0000762896718500 00007628b6d2b2fe
0x00007628967183b0:   00007628967183e0 0000762896718440 

Instructions: (pc=0x00007628b6d5f714)
0x00007628b6d5f614:   30 e8 f6 cf e8 ff 4c 89 e7 e8 2e 48 d1 ff 84 db
0x00007628b6d5f624:   75 2a 4d 85 ed 74 04 4d 8b 6d 00 48 83 c4 08 44
0x00007628b6d5f634:   89 f9 4c 89 f2 4c 89 ee 5b 4c 89 e7 41 5c 41 5d
0x00007628b6d5f644:   41 5e 41 5f 5d e9 e2 47 d1 ff 66 90 48 83 c4 08
0x00007628b6d5f654:   5b 41 5c 41 5d 41 5e 41 5f 5d c3 90 31 d2 be 08
0x00007628b6d5f664:   00 00 00 4c 89 ff e8 b1 78 a3 ff 49 89 c5 e9 37
0x00007628b6d5f674:   ff ff ff 66 0f 1f 84 00 00 00 00 00 48 8b 7a 08
0x00007628b6d5f684:   e9 6d ff ff ff 0f 1f 80 00 00 00 00 e8 5b 48 0a
0x00007628b6d5f694:   00 84 c0 75 89 e9 6a ff ff ff 66 90 55 48 89 e5
0x00007628b6d5f6a4:   41 56 41 55 41 54 49 89 fc 53 48 89 f3 66 48 8d
0x00007628b6d5f6b4:   3d 27 5e 85 00 66 66 48 e8 df 43 8d ff 4c 8b 28
0x00007628b6d5f6c4:   8b 05 be 72 8a 00 85 c0 75 14 ba 01 00 00 00 48
0x00007628b6d5f6d4:   8d 0d ae 72 8a 00 f0 0f b1 11 85 c0 74 4e be c8
0x00007628b6d5f6e4:   00 00 00 4c 89 ef e8 01 0b 41 00 48 8d 05 12 ac
0x00007628b6d5f6f4:   85 00 49 89 d8 48 8d 0d e8 aa 53 00 ba 49 06 00
0x00007628b6d5f704:   00 48 8d 35 3c 35 58 00 bf 00 00 00 e0 48 8b 00
0x00007628b6d5f714:   c6 00 58 31 c0 e8 e2 91 c6 ff 5b 41 5c 41 5d 41
0x00007628b6d5f724:   5e 5d e9 55 34 26 00 0f 1f 44 00 00 48 8d 05 81
0x00007628b6d5f734:   a3 8b 00 48 89 df 4c 8b 30 e8 9e 43 8d ff 48 89
0x00007628b6d5f744:   de 48 89 c2 49 8b 06 4c 89 f7 ff 50 08 4c 89 f7
0x00007628b6d5f754:   e8 a7 5c 27 00 4d 85 e4 74 12 be 01 00 00 00 4c
0x00007628b6d5f764:   89 e7 e8 35 43 fc ff eb 82 0f 1f 00 be 01 00 00
0x00007628b6d5f774:   00 4c 89 ef e8 d3 fd ff ff e9 6d ff ff ff 66 66
0x00007628b6d5f784:   2e 0f 1f 84 00 00 00 00 00 0f 1f 00 55 48 89 e5
0x00007628b6d5f794:   41 57 41 56 41 55 41 54 53 48 81 ec 08 02 00 00
0x00007628b6d5f7a4:   64 48 8b 04 25 28 00 00 00 48 89 45 c8 8b 07 83
0x00007628b6d5f7b4:   f8 02 0f 84 11 04 00 00 4c 8b 6f 18 49 89 ff 49
0x00007628b6d5f7c4:   89 f4 4d 85 ed 74 14 4c 89 ef e8 5d 57 22 00 41
0x00007628b6d5f7d4:   8b 07 83 f8 02 0f 84 19 04 00 00 48 8d 1d 9a 06
0x00007628b6d5f7e4:   8a 00 4c 8d 35 0b 3c 58 00 eb 38 90 48 85 d2 7f
0x00007628b6d5f7f4:   0d 48 8d 05 b4 c0 85 00 48 83 38 00 7e 0e 41 8b
0x00007628b6d5f804:   77 2c 4c 89 f7 31 c0 e8 a0 b2 f7 ff 49 8b 7f 18 


Stack slot to memory mapping:
stack at sp + 0 slots: 0x0000762896718940 is pointing into the stack for thread: 0x00007628b00b1980
stack at sp + 1 slots: 0x00007628b00b1980 is a thread
stack at sp + 2 slots: 0x00007628b4b7a388 points into unknown readable memory: 0x657300189fdcffff | ff ff dc 9f 18 00 73 65
stack at sp + 3 slots: 0x0000000800c41c18 is a pointer to class: 
jdk.vm.ci.services.Services {0x0000000800c41c18}
 - instance size:     2
 - klass size:        65
 - access:            public final synchronized 
 - state:             fully_initialized
 - name:              'jdk/vm/ci/services/Services'
 - super:             'java/lang/Object'
 - sub:               
 - arrays:            NULL
 - methods:           Array<T>(0x0000762896c4b5a0)
 - method ordering:   Array<T>(0x0000000800928960)
 - default_methods:   Array<T>(0x0000000000000000)
 - local interfaces:  Array<T>(0x00000008005ce810)
 - trans. interfaces: Array<T>(0x00000008005ce810)
 - constants:         constant pool [427] {0x0000762896c49b18} for 'jdk/vm/ci/services/Services' cache=0x0000762896c4f0b8
 - class loader data:  loader data: 0x00007628b0027bc0 of 'bootstrap'
 - source file:       'Services.java'
 - class annotations:       Array<T>(0x0000000000000000)
 - class type annotations:  Array<T>(0x0000000000000000)
 - field annotations:       Array<T>(0x0000000000000000)
 - field type annotations:  Array<T>(0x0000000000000000)
 - inner classes:     Array<T>(0x0000762896c4e110)
 - nest members:     Array<T>(0x0000762896c4e130)
 - permitted subclasses:     Array<T>(0x00000008005ce7a0)
 - java mirror:       a 'java/lang/Class'{0x00000000e02b8470} = 'jdk/vm/ci/services/Services'
 - vtable length      5  (start addr: 0x0000000800c41de8)
 - itable length      2 (start addr: 0x0000000800c41e10)
 - ---- static fields (3 words):
 - public static final 'IS_BUILDING_NATIVE_IMAGE' 'Z' @128 
 - public static final 'IS_IN_NATIVE_IMAGE' 'Z' @129 
 - private static volatile 'savedProperties' 'Ljava/util/Map;' @112 
 - static final 'JVMCI_ENABLED' 'Z' @130 
 - private static final 'servicesCache' 'Ljava/util/Map;' @116 
 - private static final 'MAX_UNICODE_IN_UTF8_LENGTH' 'I' @120 
 - private static final 'MAX_UTF8_PROPERTY_STRING_LENGTH' 'I' @124 
 - ---- non-static fields (0 words):
 - non-static oop maps: 
stack at sp + 4 slots: 0x0000762896718500 is pointing into the stack for thread: 0x00007628b00b1980
stack at sp + 5 slots: 0x00007628b6d2b2fe: <offset 0x000000000093e2fe> in /nix/store/gpxl5qgg8kicmcvivwmybwjlpf7wh20l-graalvm17-ce-22.3.0/lib/server/libjvm.so at 0x00007628b63ed000
stack at sp + 6 slots: 0x00007628967183e0 is pointing into the stack for thread: 0x00007628b00b1980
stack at sp + 7 slots: 0x0000762896718440 is pointing into the stack for thread: 0x00007628b00b1980


---------------  P R O C E S S  ---------------

Threads class SMR info:
_java_thread_list=0x0000762828015590, length=27, elements={
0x00007628b0025e60, 0x00007628b00a5c80, 0x00007628b00a70c0, 0x00007628b00ad7f0,
0x00007628b00aeba0, 0x00007628b00aff90, 0x00007628b00b1980, 0x00007628b00b2e90,
0x00007628b00b42e0, 0x00007628b00df310, 0x00007628b0127800, 0x00007628b0304b50,
0x00007628b034c860, 0x00007628b034f3f0, 0x000076284402f490, 0x0000762844404350,
0x00007628445e4cb0, 0x0000762844793cc0, 0x00007628b0376f30, 0x0000762838001220,
0x00007628b04618a0, 0x0000762828001130, 0x0000762820000ff0, 0x000076281c008b30,
0x000076281c0da1b0, 0x000076281c0db790, 0x000076282803c010
}

Java Threads: ( => current thread )
  0x00007628b0025e60 JavaThread "main" [_thread_blocked, id=126, stack(0x00007628b6208000,0x00007628b6308000)]
  0x00007628b00a5c80 JavaThread "Reference Handler" daemon [_thread_blocked, id=130, stack(0x00007628b421f000,0x00007628b431f000)]
  0x00007628b00a70c0 JavaThread "Finalizer" daemon [_thread_blocked, id=131, stack(0x00007628b411f000,0x00007628b421f000)]
  0x00007628b00ad7f0 JavaThread "Signal Dispatcher" daemon [_thread_blocked, id=132, stack(0x00007628b401f000,0x00007628b411f000)]
  0x00007628b00aeba0 JavaThread "Service Thread" daemon [_thread_blocked, id=133, stack(0x000076289681a000,0x000076289691a000)]
  0x00007628b00aff90 JavaThread "Monitor Deflation Thread" daemon [_thread_blocked, id=134, stack(0x000076289671a000,0x000076289681a000)]
=>0x00007628b00b1980 JavaThread "JVMCI-native CompilerThread0" daemon [_thread_in_vm, id=136, stack(0x000076289651a000,0x000076289671a000)]
  0x00007628b00b2e90 JavaThread "C1 CompilerThread0" daemon [_thread_blocked, id=137, stack(0x000076289631a000,0x000076289651a000)]
  0x00007628b00b42e0 JavaThread "Sweeper thread" daemon [_thread_blocked, id=138, stack(0x000076289621a000,0x000076289631a000)]
  0x00007628b00df310 JavaThread "Common-Cleaner" daemon [_thread_blocked, id=140, stack(0x000076289611a000,0x000076289621a000)]
  0x00007628b0127800 JavaThread "Notification Thread" daemon [_thread_blocked, id=143, stack(0x000076289601a000,0x000076289611a000)]
  0x00007628b0304b50 JavaThread "Active Thread: Equinox Container: 1b2cc184-3893-4bff-b3a2-b2a0828b13a9" [_thread_blocked, id=152, stack(0x0000762894c00000,0x0000762894d00000)]
  0x00007628b034c860 JavaThread "Framework Event Dispatcher: Equinox Container: 1b2cc184-3893-4bff-b3a2-b2a0828b13a9" daemon [_thread_blocked, id=155, stack(0x0000762894a00000,0x0000762894b00000)]
  0x00007628b034f3f0 JavaThread "Start Level: Equinox Container: 1b2cc184-3893-4bff-b3a2-b2a0828b13a9" daemon [_thread_blocked, id=156, stack(0x0000762894800000,0x0000762894900000)]
  0x000076284402f490 JavaThread "SCR Component Actor" daemon [_thread_blocked, id=157, stack(0x0000762894600000,0x0000762894700000)]
  0x0000762844404350 JavaThread "Worker-JM" [_thread_blocked, id=162, stack(0x0000762894200000,0x0000762894300000)]
  0x00007628445e4cb0 JavaThread "Java indexing" daemon [_thread_blocked, id=166, stack(0x000076285d900000,0x000076285da00000)]
  0x0000762844793cc0 JavaThread "Bundle File Closer" daemon [_thread_blocked, id=169, stack(0x000076285d700000,0x000076285d800000)]
  0x00007628b0376f30 JavaThread "pool-3-thread-1" [_thread_blocked, id=170, stack(0x000076285d500000,0x000076285d600000)]
  0x0000762838001220 JavaThread "Worker-2: Compacting resource model" [_thread_blocked, id=172, stack(0x000076285d300000,0x000076285d400000)]
  0x00007628b04618a0 JavaThread "pool-2-thread-1" [_thread_blocked, id=175, stack(0x0000762894900000,0x0000762894a00000)]
  0x0000762828001130 JavaThread "Worker-3" [_thread_blocked, id=176, stack(0x000076285d100000,0x000076285d200000)]
  0x0000762820000ff0 JavaThread "Worker-4: Publish Diagnostics" [_thread_in_Java, id=177, stack(0x000076285cf00000,0x000076285d000000)]
  0x000076281c008b30 JavaThread "Thread-33" [_thread_blocked, id=369, stack(0x000076285da00000,0x000076285db00000)]
  0x000076281c0da1b0 JavaThread "Thread-37" [_thread_blocked, id=437, stack(0x0000762894000000,0x0000762894100000)]
  0x000076281c0db790 JavaThread "Thread-43" [_thread_blocked, id=455, stack(0x000076285d000000,0x000076285d100000)]
  0x000076282803c010 JavaThread "Worker-6" [_thread_blocked, id=677, stack(0x000076285db00000,0x000076285dc00000)]

Other Threads:
  0x00007628b00a13c0 VMThread "VM Thread" [stack: 0x00007628b4321000,0x00007628b4421000] [id=128] _threads_hazard_ptr=0x0000762828015590
  0x00007628b01291a0 WatcherThread [stack: 0x0000762895f1a000,0x000076289601a000] [id=144]
  0x00007628b003d730 GCTaskThread "GC Thread#0" [stack: 0x00007628b5dcb000,0x00007628b5ecb000] [id=127]

Threads with active compile tasks:
JVMCI-native CompilerThread0  1376116 10239       4       org.eclipse.jdt.internal.core.util.LRUCache::privateAddEntry (87 bytes)

VM state: synchronizing (normal execution)

VM Mutex/Monitor currently owned by a thread:  ([mutex/lock_event])
[0x00007628b0022fb0] Threads_lock - owner thread: 0x00007628b00a13c0
[0x00007628b0023760] Heap_lock - owner thread: 0x00007628445e4cb0

OutOfMemory and StackOverflow Exception counts:
OutOfMemoryError java_heap_errors=3
LinkageErrors=63

Heap address: 0x00000000e0000000, size: 512 MB, Compressed Oops mode: 32-bit

CDS archive(s) mapped at: [0x0000000800000000-0x0000000800bc8000-0x0000000800bc8000), size 12353536, SharedBaseAddress: 0x0000000800000000, ArchiveRelocationMode: 0.
Compressed class space mapped at: 0x0000000800c00000-0x0000000840c00000, reserved size: 1073741824
Narrow klass base: 0x0000000800000000, Narrow klass shift: 0, Narrow klass range: 0x100000000

GC Precious Log:
 CPUs: 8 total, 1 available
 Memory: 1024M
 Large Page Support: Disabled
 NUMA Support: Disabled
 Compressed Oops: Enabled (32-bit)
 Alignments: Space 512K, Generation 512K, Heap 2M
 Heap Min Capacity: 100M
 Heap Initial Capacity: 100M
 Heap Max Capacity: 512M
 Pre-touch: Disabled
 Parallel Workers: 1

Heap:
 PSYoungGen      total 65536K, used 37887K [0x00000000f5580000, 0x00000000fb700000, 0x0000000100000000)
  eden space 37888K, 99% used [0x00000000f5580000,0x00000000f7a7fff8,0x00000000f7a80000)
  from space 27648K, 0% used [0x00000000f9c00000,0x00000000f9c00000,0x00000000fb700000)
  to   space 13824K, 0% used [0x00000000f7a80000,0x00000000f7a80000,0x00000000f8800000)
 ParOldGen       total 349696K, used 349695K [0x00000000e0000000, 0x00000000f5580000, 0x00000000f5580000)
  object space 349696K, 99% used [0x00000000e0000000,0x00000000f557fff8,0x00000000f5580000)
 Metaspace       used 55192K, committed 56320K, reserved 1105920K
  class space    used 5195K, committed 5696K, reserved 1048576K

Card table byte_map: [0x00007628b5ecb000,0x00007628b5fcc000] _byte_map_base: 0x00007628b57cb000

Marking Bits: (ParMarkBitMap*) 0x00007628b761b4c0
 Begin Bits: [0x00007628b4d1e000, 0x00007628b551e000)
 End Bits:   [0x00007628b551e000, 0x00007628b5d1e000)

Polling page: 0x00007628b61e5000

Metaspace:

Usage:
  Non-class:     48.82 MB used.
      Class:      5.07 MB used.
       Both:     53.90 MB used.

Virtual space:
  Non-class space:       56.00 MB reserved,      49.44 MB ( 88%) committed,  7 nodes.
      Class space:        1.00 GB reserved,       5.56 MB ( <1%) committed,  1 nodes.
             Both:        1.05 GB reserved,      55.00 MB (  5%) committed. 

Chunk freelists:
   Non-Class:  2.56 MB
       Class:  2.34 MB
        Both:  4.90 MB

MaxMetaspaceSize: unlimited
CompressedClassSpaceSize: 1.00 GB
Initial GC threshold: 21.00 MB
Current GC threshold: 91.56 MB
CDS: on
MetaspaceReclaimPolicy: balanced
 - commit_granule_bytes: 65536.
 - commit_granule_words: 8192.
 - virtual_space_node_default_size: 1048576.
 - enlarge_chunks_in_place: 1.
 - new_chunks_are_fully_committed: 0.
 - uncommit_free_chunks: 1.
 - use_allocation_guard: 0.
 - handle_deallocations: 1.


Internal statistics:

num_allocs_failed_limit: 6.
num_arena_births: 508.
num_arena_deaths: 148.
num_vsnodes_births: 8.
num_vsnodes_deaths: 0.
num_space_committed: 879.
num_space_uncommitted: 0.
num_chunks_returned_to_freelist: 209.
num_chunks_taken_from_freelist: 2927.
num_chunk_merges: 86.
num_chunk_splits: 1849.
num_chunks_enlarged: 1107.
num_purges: 18.
num_inconsistent_stats: 0.

CodeHeap 'non-profiled nmethods': size=120036Kb used=2404Kb max_used=2404Kb free=117631Kb
 bounds [0x000076289ef7a000, 0x000076289f1ea000, 0x00007628a64b3000]
CodeHeap 'profiled nmethods': size=120032Kb used=17231Kb max_used=17310Kb free=102800Kb
 bounds [0x0000762897a42000, 0x0000762898b32000, 0x000076289ef7a000]
CodeHeap 'non-nmethods': size=5692Kb used=1340Kb max_used=1351Kb free=4351Kb
 bounds [0x00007628974b3000, 0x0000762897723000, 0x0000762897a42000]
 total_blobs=8014 nmethods=7345 adapters=579
 compilation: enabled
              stopped_count=0, restarted_count=0
 full_count=0

JVMCI Events (20 events):
Event: 904.538 Thread 0x00007628b00b1980 compacted oop handles in JVMCI runtime 0 from 138 to 138
Event: 904.538 Thread 0x00007628b00b1980 releasing handles for JVMCI runtime 0: oop handles=138, metadata handles={total=1312, live=711, blocks=41}
Event: 904.538 Thread 0x00007628b00b1980 detached from JVMCI runtime 0
Event: 961.031 Thread 0x00007628b00b1980 attached to JVMCI runtime 0
Event: 961.034 Thread 0x00007628b00b1980 created JavaVM[2]@0x000076285c19e340 for JVMCI runtime 0
Event: 963.301 Thread 0x00007628b00b1980 initializing JVMCI runtime 0
Event: 963.301 Thread 0x00007628b00b1980 done waiting for JavaVM references initialization in JVMCI runtime 0
Event: 1012.221 Thread 0x00007628b00b1980 initialized JVMCI runtime 0
Event: 1225.978 Thread 0x00007628b00b1980 compacted oop handles in JVMCI runtime 0 from 87 to 76
Event: 1264.118 Thread 0x00007628b00b1980 detaching from JVMCI runtime 0: releasing idle compiler thread (0 other threads still attached)
Event: 1264.118 Thread 0x00007628b00b1980 shutting down HotSpotJVMCIRuntime for JVMCI runtime 0
Event: 1264.118 Thread 0x00007628b00b1980 shut down JVMCI runtime 0
Event: 1264.122 Thread 0x00007628b00b1980 destroyed JavaVM[2]@0x000076285c19e340 for JVMCI runtime 0
Event: 1264.122 Thread 0x00007628b00b1980 compacted oop handles in JVMCI runtime 0 from 95 to 95
Event: 1264.122 Thread 0x00007628b00b1980 releasing handles for JVMCI runtime 0: oop handles=95, metadata handles={total=160, live=143, blocks=41}
Event: 1264.122 Thread 0x00007628b00b1980 detached from JVMCI runtime 0
Event: 1326.513 Thread 0x00007628b00b1980 attached to JVMCI runtime 0
Event: 1326.516 Thread 0x00007628b00b1980 created JavaVM[3]@0x000076285c19e340 for JVMCI runtime 0
Event: 1328.338 Thread 0x00007628b00b1980 initializing JVMCI runtime 0
Event: 1328.338 Thread 0x00007628b00b1980 done waiting for JavaVM references initialization in JVMCI runtime 0

Compilation events (20 events):
Event: 1145.094 Thread 0x00007628b00b2e90 10234       3       org.eclipse.jdt.internal.compiler.lookup.TypeSystem::updateCaches (166 bytes)
Event: 1149.294 Thread 0x00007628b00b2e90 nmethod 10234 0x0000762898a09f90 code [0x0000762898a0a1a0, 0x0000762898a0ace0]
Event: 1212.803 Thread 0x00007628b00b2e90 10235       3       java.util.concurrent.ThreadPoolExecutor::workerCountOf (5 bytes)
Event: 1215.024 Thread 0x00007628b00b2e90 nmethod 10235 0x0000762898436910 code [0x0000762898436aa0, 0x0000762898436b90]
Event: 1223.543 Thread 0x00007628b00b1980 nmethod 10228 0x000076289f1cfd10 code [0x000076289f1cff20, 0x000076289f1d0a98]
Event: 1223.551 Thread 0x00007628b00b1980 10231       4       org.eclipse.jdt.internal.compiler.lookup.ReferenceBinding::compare (53 bytes)
Event: 1228.332 Thread 0x00007628b00b1980 nmethod 10231 0x000076289f1d0e90 code [0x000076289f1d1000, 0x000076289f1d1148]
Event: 1228.332 Thread 0x00007628b00b1980 10229       4       org.eclipse.jdt.internal.compiler.lookup.ReferenceBinding$3::compare (13 bytes)
Event: 1233.030 Thread 0x00007628b00b1980 nmethod 10229 0x000076289f1d1290 code [0x000076289f1d1420, 0x000076289f1d1680]
Event: 1233.031 Thread 0x00007628b00b1980 10230       4       org.eclipse.jdt.internal.compiler.lookup.ReferenceBinding$3::compare (46 bytes)
Event: 1235.463 Thread 0x00007628b00b1980 nmethod 10230 0x000076289f1d1890 code [0x000076289f1d1a20, 0x000076289f1d1c30]
Event: 1235.463 Thread 0x00007628b00b1980 10232   !   4       org.eclipse.jdt.internal.compiler.lookup.TypeSystem::getUnannotatedType (267 bytes)
Event: 1245.934 Thread 0x00007628b00b2e90 10236       1       java.util.concurrent.ThreadPoolExecutor::getQueue (5 bytes)
Event: 1245.934 Thread 0x00007628b00b2e90 nmethod 10236 0x000076289f1d1e10 code [0x000076289f1d1fa0, 0x000076289f1d2070]
Event: 1258.967 Thread 0x00007628b00b2e90 10237       3       java.util.concurrent.ScheduledThreadPoolExecutor$DelayedWorkQueue::setIndex (16 bytes)
Event: 1258.967 Thread 0x00007628b00b2e90 nmethod 10237 0x00007628983c8010 code [0x00007628983c81c0, 0x00007628983c8790]
Event: 1261.646 Thread 0x00007628b00b1980 nmethod 10232 0x000076289f1d2110 code [0x000076289f1d2360, 0x000076289f1d2d60]
Event: 1264.118 Thread 0x00007628b00b2e90 10238       3       java.util.concurrent.locks.AbstractQueuedSynchronizer$ConditionObject::canReacquire (28 bytes)
Event: 1264.119 Thread 0x00007628b00b2e90 nmethod 10238 0x0000762898183610 code [0x00007628981837c0, 0x0000762898183b10]
Event: 1326.513 Thread 0x00007628b00b1980 10239       4       org.eclipse.jdt.internal.core.util.LRUCache::privateAddEntry (87 bytes)

GC Heap History (20 events):
Event: 1356.138 GC heap before
{Heap before GC invocations=659 (full 603):
 PSYoungGen      total 65536K, used 37887K [0x00000000f5580000, 0x00000000fb700000, 0x0000000100000000)
  eden space 37888K, 99% used [0x00000000f5580000,0x00000000f7a7fff0,0x00000000f7a80000)
  from space 27648K, 0% used [0x00000000f9c00000,0x00000000f9c00000,0x00000000fb700000)
  to   space 13824K, 0% used [0x00000000f7a80000,0x00000000f7a80000,0x00000000f8800000)
 ParOldGen       total 349696K, used 349696K [0x00000000e0000000, 0x00000000f5580000, 0x00000000f5580000)
  object space 349696K, 100% used [0x00000000e0000000,0x00000000f5580000,0x00000000f5580000)
 Metaspace       used 55192K, committed 56320K, reserved 1105920K
  class space    used 5195K, committed 5696K, reserved 1048576K
}
Event: 1358.413 GC heap after
{Heap after GC invocations=659 (full 603):
 PSYoungGen      total 51712K, used 37887K [0x00000000f5580000, 0x00000000fb700000, 0x0000000100000000)
  eden space 37888K, 99% used [0x00000000f5580000,0x00000000f7a7fff0,0x00000000f7a80000)
  from space 13824K, 0% used [0x00000000f7a80000,0x00000000f7a80000,0x00000000f8800000)
  to   space 27648K, 0% used [0x00000000f9c00000,0x00000000f9c00000,0x00000000fb700000)
 ParOldGen       total 349696K, used 349696K [0x00000000e0000000, 0x00000000f5580000, 0x00000000f5580000)
  object space 349696K, 100% used [0x00000000e0000000,0x00000000f5580000,0x00000000f5580000)
 Metaspace       used 55192K, committed 56320K, reserved 1105920K
  class space    used 5195K, committed 5696K, reserved 1048576K
}
Event: 1358.413 GC heap before
{Heap before GC invocations=660 (full 604):
 PSYoungGen      total 51712K, used 37887K [0x00000000f5580000, 0x00000000fb700000, 0x0000000100000000)
  eden space 37888K, 99% used [0x00000000f5580000,0x00000000f7a7fff0,0x00000000f7a80000)
  from space 13824K, 0% used [0x00000000f7a80000,0x00000000f7a80000,0x00000000f8800000)
  to   space 27648K, 0% used [0x00000000f9c00000,0x00000000f9c00000,0x00000000fb700000)
 ParOldGen       total 349696K, used 349696K [0x00000000e0000000, 0x00000000f5580000, 0x00000000f5580000)
  object space 349696K, 100% used [0x00000000e0000000,0x00000000f5580000,0x00000000f5580000)
 Metaspace       used 55192K, committed 56320K, reserved 1105920K
  class space    used 5195K, committed 5696K, reserved 1048576K
}
Event: 1360.425 GC heap after
{Heap after GC invocations=660 (full 604):
 PSYoungGen      total 65536K, used 37887K [0x00000000f5580000, 0x00000000fb700000, 0x0000000100000000)
  eden space 37888K, 99% used [0x00000000f5580000,0x00000000f7a7fff0,0x00000000f7a80000)
  from space 27648K, 0% used [0x00000000f9c00000,0x00000000f9c00000,0x00000000fb700000)
  to   space 13824K, 0% used [0x00000000f7a80000,0x00000000f7a80000,0x00000000f8800000)
 ParOldGen       total 349696K, used 349696K [0x00000000e0000000, 0x00000000f5580000, 0x00000000f5580000)
  object space 349696K, 100% used [0x00000000e0000000,0x00000000f5580000,0x00000000f5580000)
 Metaspace       used 55192K, committed 56320K, reserved 1105920K
  class space    used 5195K, committed 5696K, reserved 1048576K
}
Event: 1360.425 GC heap before
{Heap before GC invocations=661 (full 605):
 PSYoungGen      total 65536K, used 37888K [0x00000000f5580000, 0x00000000fb700000, 0x0000000100000000)
  eden space 37888K, 100% used [0x00000000f5580000,0x00000000f7a80000,0x00000000f7a80000)
  from space 27648K, 0% used [0x00000000f9c00000,0x00000000f9c00000,0x00000000fb700000)
  to   space 13824K, 0% used [0x00000000f7a80000,0x00000000f7a80000,0x00000000f8800000)
 ParOldGen       total 349696K, used 349696K [0x00000000e0000000, 0x00000000f5580000, 0x00000000f5580000)
  object space 349696K, 100% used [0x00000000e0000000,0x00000000f5580000,0x00000000f5580000)
 Metaspace       used 55192K, committed 56320K, reserved 1105920K
  class space    used 5195K, committed 5696K, reserved 1048576K
}
Event: 1362.525 GC heap after
{Heap after GC invocations=661 (full 605):
 PSYoungGen      total 51712K, used 37887K [0x00000000f5580000, 0x00000000fb700000, 0x0000000100000000)
  eden space 37888K, 99% used [0x00000000f5580000,0x00000000f7a7fff0,0x00000000f7a80000)
  from space 13824K, 0% used [0x00000000f7a80000,0x00000000f7a80000,0x00000000f8800000)
  to   space 27648K, 0% used [0x00000000f9c00000,0x00000000f9c00000,0x00000000fb700000)
 ParOldGen       total 349696K, used 349694K [0x00000000e0000000, 0x00000000f5580000, 0x00000000f5580000)
  object space 349696K, 99% used [0x00000000e0000000,0x00000000f557fa60,0x00000000f5580000)
 Metaspace       used 55192K, committed 56320K, reserved 1105920K
  class space    used 5195K, committed 5696K, reserved 1048576K
}
Event: 1362.526 GC heap before
{Heap before GC invocations=662 (full 606):
 PSYoungGen      total 51712K, used 37888K [0x00000000f5580000, 0x00000000fb700000, 0x0000000100000000)
  eden space 37888K, 100% used [0x00000000f5580000,0x00000000f7a80000,0x00000000f7a80000)
  from space 13824K, 0% used [0x00000000f7a80000,0x00000000f7a80000,0x00000000f8800000)
  to   space 27648K, 0% used [0x00000000f9c00000,0x00000000f9c00000,0x00000000fb700000)
 ParOldGen       total 349696K, used 349696K [0x00000000e0000000, 0x00000000f5580000, 0x00000000f5580000)
  object space 349696K, 100% used [0x00000000e0000000,0x00000000f5580000,0x00000000f5580000)
 Metaspace       used 55192K, committed 56320K, reserved 1105920K
  class space    used 5195K, committed 5696K, reserved 1048576K
}
Event: 1364.636 GC heap after
{Heap after GC invocations=662 (full 606):
 PSYoungGen      total 65536K, used 37887K [0x00000000f5580000, 0x00000000fb700000, 0x0000000100000000)
  eden space 37888K, 99% used [0x00000000f5580000,0x00000000f7a7fff0,0x00000000f7a80000)
  from space 27648K, 0% used [0x00000000f9c00000,0x00000000f9c00000,0x00000000fb700000)
  to   space 13824K, 0% used [0x00000000f7a80000,0x00000000f7a80000,0x00000000f8800000)
 ParOldGen       total 349696K, used 349694K [0x00000000e0000000, 0x00000000f5580000, 0x00000000f5580000)
  object space 349696K, 99% used [0x00000000e0000000,0x00000000f557faa0,0x00000000f5580000)
 Metaspace       used 55192K, committed 56320K, reserved 1105920K
  class space    used 5195K, committed 5696K, reserved 1048576K
}
Event: 1364.636 GC heap before
{Heap before GC invocations=663 (full 607):
 PSYoungGen      total 65536K, used 37888K [0x00000000f5580000, 0x00000000fb700000, 0x0000000100000000)
  eden space 37888K, 100% used [0x00000000f5580000,0x00000000f7a80000,0x00000000f7a80000)
  from space 27648K, 0% used [0x00000000f9c00000,0x00000000f9c00000,0x00000000fb700000)
  to   space 13824K, 0% used [0x00000000f7a80000,0x00000000f7a80000,0x00000000f8800000)
 ParOldGen       total 349696K, used 349694K [0x00000000e0000000, 0x00000000f5580000, 0x00000000f5580000)
  object space 349696K, 99% used [0x00000000e0000000,0x00000000f557fb38,0x00000000f5580000)
 Metaspace       used 55192K, committed 56320K, reserved 1105920K
  class space    used 5195K, committed 5696K, reserved 1048576K
}
Event: 1366.642 GC heap after
{Heap after GC invocations=663 (full 607):
 PSYoungGen      total 51712K, used 37887K [0x00000000f5580000, 0x00000000fb700000, 0x0000000100000000)
  eden space 37888K, 99% used [0x00000000f5580000,0x00000000f7a7fff0,0x00000000f7a80000)
  from space 13824K, 0% used [0x00000000f7a80000,0x00000000f7a80000,0x00000000f8800000)
  to   space 27648K, 0% used [0x00000000f9c00000,0x00000000f9c00000,0x00000000fb700000)
 ParOldGen       total 349696K, used 349694K [0x00000000e0000000, 0x00000000f5580000, 0x00000000f5580000)
  object space 349696K, 99% used [0x00000000e0000000,0x00000000f557faa8,0x00000000f5580000)
 Metaspace       used 55192K, committed 56320K, reserved 1105920K
  class space    used 5195K, committed 5696K, reserved 1048576K
}
Event: 1366.643 GC heap before
{Heap before GC invocations=664 (full 608):
 PSYoungGen      total 51712K, used 37888K [0x00000000f5580000, 0x00000000fb700000, 0x0000000100000000)
  eden space 37888K, 100% used [0x00000000f5580000,0x00000000f7a80000,0x00000000f7a80000)
  from space 13824K, 0% used [0x00000000f7a80000,0x00000000f7a80000,0x00000000f8800000)
  to   space 27648K, 0% used [0x00000000f9c00000,0x00000000f9c00000,0x00000000fb700000)
 ParOldGen       total 349696K, used 349694K [0x00000000e0000000, 0x00000000f5580000, 0x00000000f5580000)
  object space 349696K, 99% used [0x00000000e0000000,0x00000000f557faa8,0x00000000f5580000)
 Metaspace       used 55192K, committed 56320K, reserved 1105920K
  class space    used 5195K, committed 5696K, reserved 1048576K
}
Event: 1368.636 GC heap after
{Heap after GC invocations=664 (full 608):
 PSYoungGen      total 65536K, used 37887K [0x00000000f5580000, 0x00000000fb700000, 0x0000000100000000)
  eden space 37888K, 99% used [0x00000000f5580000,0x00000000f7a7fff0,0x00000000f7a80000)
  from space 27648K, 0% used [0x00000000f9c00000,0x00000000f9c00000,0x00000000fb700000)
  to   space 13824K, 0% used [0x00000000f7a80000,0x00000000f7a80000,0x00000000f8800000)
 ParOldGen       total 349696K, used 349694K [0x00000000e0000000, 0x00000000f5580000, 0x00000000f5580000)
  object space 349696K, 99% used [0x00000000e0000000,0x00000000f557fa88,0x00000000f5580000)
 Metaspace       used 55192K, committed 56320K, reserved 1105920K
  class space    used 5195K, committed 5696K, reserved 1048576K
}
Event: 1368.637 GC heap before
{Heap before GC invocations=665 (full 609):
 PSYoungGen      total 65536K, used 37888K [0x00000000f5580000, 0x00000000fb700000, 0x0000000100000000)
  eden space 37888K, 100% used [0x00000000f5580000,0x00000000f7a80000,0x00000000f7a80000)
  from space 27648K, 0% used [0x00000000f9c00000,0x00000000f9c00000,0x00000000fb700000)
  to   space 13824K, 0% used [0x00000000f7a80000,0x00000000f7a80000,0x00000000f8800000)
 ParOldGen       total 349696K, used 349696K [0x00000000e0000000, 0x00000000f5580000, 0x00000000f5580000)
  object space 349696K, 100% used [0x00000000e0000000,0x00000000f5580000,0x00000000f5580000)
 Metaspace       used 55192K, committed 56320K, reserved 1105920K
  class space    used 5195K, committed 5696K, reserved 1048576K
}
Event: 1370.403 GC heap after
{Heap after GC invocations=665 (full 609):
 PSYoungGen      total 51712K, used 37887K [0x00000000f5580000, 0x00000000fb700000, 0x0000000100000000)
  eden space 37888K, 99% used [0x00000000f5580000,0x00000000f7a7ffd8,0x00000000f7a80000)
  from space 13824K, 0% used [0x00000000f7a80000,0x00000000f7a80000,0x00000000f8800000)
  to   space 27648K, 0% used [0x00000000f9c00000,0x00000000f9c00000,0x00000000fb700000)
 ParOldGen       total 349696K, used 349694K [0x00000000e0000000, 0x00000000f5580000, 0x00000000f5580000)
  object space 349696K, 99% used [0x00000000e0000000,0x00000000f557fbe0,0x00000000f5580000)
 Metaspace       used 55192K, committed 56320K, reserved 1105920K
  class space    used 5195K, committed 5696K, reserved 1048576K
}
Event: 1370.403 GC heap before
{Heap before GC invocations=666 (full 610):
 PSYoungGen      total 51712K, used 37887K [0x00000000f5580000, 0x00000000fb700000, 0x0000000100000000)
  eden space 37888K, 99% used [0x00000000f5580000,0x00000000f7a7ffe8,0x00000000f7a80000)
  from space 13824K, 0% used [0x00000000f7a80000,0x00000000f7a80000,0x00000000f8800000)
  to   space 27648K, 0% used [0x00000000f9c00000,0x00000000f9c00000,0x00000000fb700000)
 ParOldGen       total 349696K, used 349694K [0x00000000e0000000, 0x00000000f5580000, 0x00000000f5580000)
  object space 349696K, 99% used [0x00000000e0000000,0x00000000f557fbe0,0x00000000f5580000)
 Metaspace       used 55192K, committed 56320K, reserved 1105920K
  class space    used 5195K, committed 5696K, reserved 1048576K
}
Event: 1372.295 GC heap after
{Heap after GC invocations=666 (full 610):
 PSYoungGen      total 65536K, used 37887K [0x00000000f5580000, 0x00000000fb700000, 0x0000000100000000)
  eden space 37888K, 99% used [0x00000000f5580000,0x00000000f7a7ffe8,0x00000000f7a80000)
  from space 27648K, 0% used [0x00000000f9c00000,0x00000000f9c00000,0x00000000fb700000)
  to   space 13824K, 0% used [0x00000000f7a80000,0x00000000f7a80000,0x00000000f8800000)
 ParOldGen       total 349696K, used 349694K [0x00000000e0000000, 0x00000000f5580000, 0x00000000f5580000)
  object space 349696K, 99% used [0x00000000e0000000,0x00000000f557fbc0,0x00000000f5580000)
 Metaspace       used 55192K, committed 56320K, reserved 1105920K
  class space    used 5195K, committed 5696K, reserved 1048576K
}
Event: 1372.296 GC heap before
{Heap before GC invocations=667 (full 611):
 PSYoungGen      total 65536K, used 37888K [0x00000000f5580000, 0x00000000fb700000, 0x0000000100000000)
  eden space 37888K, 100% used [0x00000000f5580000,0x00000000f7a80000,0x00000000f7a80000)
  from space 27648K, 0% used [0x00000000f9c00000,0x00000000f9c00000,0x00000000fb700000)
  to   space 13824K, 0% used [0x00000000f7a80000,0x00000000f7a80000,0x00000000f8800000)
 ParOldGen       total 349696K, used 349695K [0x00000000e0000000, 0x00000000f5580000, 0x00000000f5580000)
  object space 349696K, 99% used [0x00000000e0000000,0x00000000f557ff18,0x00000000f5580000)
 Metaspace       used 55192K, committed 56320K, reserved 1105920K
  class space    used 5195K, committed 5696K, reserved 1048576K
}
Event: 1374.020 GC heap after
{Heap after GC invocations=667 (full 611):
 PSYoungGen      total 51712K, used 37887K [0x00000000f5580000, 0x00000000fb700000, 0x0000000100000000)
  eden space 37888K, 99% used [0x00000000f5580000,0x00000000f7a7ff88,0x00000000f7a80000)
  from space 13824K, 0% used [0x00000000f7a80000,0x00000000f7a80000,0x00000000f8800000)
  to   space 27648K, 0% used [0x00000000f9c00000,0x00000000f9c00000,0x00000000fb700000)
 ParOldGen       total 349696K, used 349695K [0x00000000e0000000, 0x00000000f5580000, 0x00000000f5580000)
  object space 349696K, 99% used [0x00000000e0000000,0x00000000f557fd98,0x00000000f5580000)
 Metaspace       used 55192K, committed 56320K, reserved 1105920K
  class space    used 5195K, committed 5696K, reserved 1048576K
}
Event: 1374.020 GC heap before
{Heap before GC invocations=668 (full 612):
 PSYoungGen      total 51712K, used 37887K [0x00000000f5580000, 0x00000000fb700000, 0x0000000100000000)
  eden space 37888K, 99% used [0x00000000f5580000,0x00000000f7a7ff88,0x00000000f7a80000)
  from space 13824K, 0% used [0x00000000f7a80000,0x00000000f7a80000,0x00000000f8800000)
  to   space 27648K, 0% used [0x00000000f9c00000,0x00000000f9c00000,0x00000000fb700000)
 ParOldGen       total 349696K, used 349695K [0x00000000e0000000, 0x00000000f5580000, 0x00000000f5580000)
  object space 349696K, 99% used [0x00000000e0000000,0x00000000f557fd98,0x00000000f5580000)
 Metaspace       used 55192K, committed 56320K, reserved 1105920K
  class space    used 5195K, committed 5696K, reserved 1048576K
}
Event: 1376.006 GC heap after
{Heap after GC invocations=668 (full 612):
 PSYoungGen      total 65536K, used 37887K [0x00000000f5580000, 0x00000000fb700000, 0x0000000100000000)
  eden space 37888K, 99% used [0x00000000f5580000,0x00000000f7a7ff88,0x00000000f7a80000)
  from space 27648K, 0% used [0x00000000f9c00000,0x00000000f9c00000,0x00000000fb700000)
  to   space 13824K, 0% used [0x00000000f7a80000,0x00000000f7a80000,0x00000000f8800000)
 ParOldGen       total 349696K, used 349695K [0x00000000e0000000, 0x00000000f5580000, 0x00000000f5580000)
  object space 349696K, 99% used [0x00000000e0000000,0x00000000f557fd98,0x00000000f5580000)
 Metaspace       used 55192K, committed 56320K, reserved 1105920K
  class space    used 5195K, committed 5696K, reserved 1048576K
}

Dll operation events (8 events):
Event: 0.003 Loaded shared library /nix/store/gpxl5qgg8kicmcvivwmybwjlpf7wh20l-graalvm17-ce-22.3.0/lib/libjava.so
Event: 0.015 Loaded shared library /nix/store/gpxl5qgg8kicmcvivwmybwjlpf7wh20l-graalvm17-ce-22.3.0/lib/libjsvml.so
Event: 0.403 Loaded shared library /nix/store/gpxl5qgg8kicmcvivwmybwjlpf7wh20l-graalvm17-ce-22.3.0/lib/libnio.so
Event: 0.407 Loaded shared library /nix/store/gpxl5qgg8kicmcvivwmybwjlpf7wh20l-graalvm17-ce-22.3.0/lib/libzip.so
Event: 0.410 Loaded shared library /nix/store/gpxl5qgg8kicmcvivwmybwjlpf7wh20l-graalvm17-ce-22.3.0/lib/libjvmcicompiler.so
Event: 0.805 Loaded shared library /nix/store/gpxl5qgg8kicmcvivwmybwjlpf7wh20l-graalvm17-ce-22.3.0/lib/libjimage.so
Event: 2.697 Loaded shared library /nix/store/gpxl5qgg8kicmcvivwmybwjlpf7wh20l-graalvm17-ce-22.3.0/lib/libnet.so
Event: 4.397 Loaded shared library /home/runner/Trabalho/.cache/jdt-language-server/config/org.eclipse.equinox.launcher/org.eclipse.equinox.launcher.gtk.linux.x86_64_1.2.400.v20211117-0650/eclipse_11600.so

Deoptimization events (20 events):
Event: 145.121 Thread 0x000076281c0db210 DEOPT PACKING pc=0x00007628985db074 sp=0x000076285d4fd8b0
Event: 145.121 Thread 0x000076281c0db210 DEOPT UNPACKING pc=0x0000762897505325 sp=0x000076285d4fcd18 mode 0
Event: 153.802 Thread 0x0000762828001130 DEOPT PACKING pc=0x00007628985906f9 sp=0x000076285d1fdce0
Event: 153.802 Thread 0x0000762828001130 DEOPT UNPACKING pc=0x0000762897505325 sp=0x000076285d1fd1b8 mode 0
Event: 153.813 Thread 0x0000762828001130 DEOPT PACKING pc=0x0000762898520435 sp=0x000076285d1fdbe0
Event: 153.813 Thread 0x0000762828001130 DEOPT UNPACKING pc=0x0000762897505325 sp=0x000076285d1fd0e0 mode 0
Event: 153.821 Thread 0x000076281c117630 Uncommon trap: trap_request=0xffffffed fr.pc=0x000076289f16d81f relative=0x000000000000037f
Event: 153.821 Thread 0x000076281c117630 Uncommon trap: reason=null_assert_or_unreached0 action=reinterpret pc=0x000076289f16d81f method=org.eclipse.jdt.internal.core.JavaElement.hashCode()I @ 0 jvmci
Event: 153.821 Thread 0x000076281c117630 DEOPT PACKING pc=0x000076289f16d81f sp=0x000076285d6fd780
Event: 153.821 Thread 0x000076281c117630 DEOPT UNPACKING pc=0x0000762897505325 sp=0x000076285d6fcc50 mode 3
Event: 168.840 Thread 0x0000762820000ff0 DEOPT PACKING pc=0x00007628985bab79 sp=0x000076285cffddb0
Event: 168.840 Thread 0x0000762820000ff0 DEOPT UNPACKING pc=0x0000762897505325 sp=0x000076285cffd308 mode 0
Event: 1345.618 Thread 0x00007628445e4cb0 Uncommon trap: trap_request=0xffffff8f fr.pc=0x000076289f03ec29 relative=0x00000000000011e9
Event: 1345.618 Thread 0x00007628445e4cb0 Uncommon trap: reason=constraint action=none pc=0x000076289f03ec29 method=org.eclipse.jdt.internal.core.index.DiskIndex.copyQueryResults(Lorg/eclipse/jdt/internal/compiler/util/HashtableOfObject;I)V @ 123 jvmci
Event: 1347.933 Thread 0x00007628445e4cb0 DEOPT PACKING pc=0x000076289f03ec29 sp=0x000076285d9fe530
Event: 1347.933 Thread 0x00007628445e4cb0 DEOPT UNPACKING pc=0x0000762897505325 sp=0x000076285d9fda28 mode 3
Event: 1360.425 Thread 0x00007628445e4cb0 Uncommon trap: trap_request=0xffffff8f fr.pc=0x000076289f03ec29 relative=0x00000000000011e9
Event: 1360.425 Thread 0x00007628445e4cb0 Uncommon trap: reason=constraint action=none pc=0x000076289f03ec29 method=org.eclipse.jdt.internal.core.index.DiskIndex.copyQueryResults(Lorg/eclipse/jdt/internal/compiler/util/HashtableOfObject;I)V @ 123 jvmci
Event: 1360.425 Thread 0x00007628445e4cb0 DEOPT PACKING pc=0x000076289f03ec29 sp=0x000076285d9fe530
Event: 1360.425 Thread 0x00007628445e4cb0 DEOPT UNPACKING pc=0x0000762897505325 sp=0x000076285d9fda28 mode 3

Classes unloaded (20 events):
Event: 176.805 Thread 0x00007628b00a13c0 Unloading class 0x000000080107bc00 'jdk/internal/reflect/GeneratedSerializationConstructorAccessor13'
Event: 176.805 Thread 0x00007628b00a13c0 Unloading class 0x000000080107b800 'jdk/internal/reflect/GeneratedSerializationConstructorAccessor12'
Event: 176.805 Thread 0x00007628b00a13c0 Unloading class 0x000000080107ac00 'jdk/internal/reflect/GeneratedSerializationConstructorAccessor11'
Event: 176.805 Thread 0x00007628b00a13c0 Unloading class 0x000000080107a800 'jdk/internal/reflect/GeneratedSerializationConstructorAccessor10'
Event: 176.805 Thread 0x00007628b00a13c0 Unloading class 0x000000080107a400 'jdk/internal/reflect/GeneratedSerializationConstructorAccessor9'
Event: 176.805 Thread 0x00007628b00a13c0 Unloading class 0x000000080107a000 'jdk/internal/reflect/GeneratedSerializationConstructorAccessor8'
Event: 176.805 Thread 0x00007628b00a13c0 Unloading class 0x0000000800fee400 'jdk/internal/reflect/GeneratedSerializationConstructorAccessor2'
Event: 176.805 Thread 0x00007628b00a13c0 Unloading class 0x0000000800fee000 'jdk/internal/reflect/GeneratedSerializationConstructorAccessor1'
Event: 182.529 Thread 0x00007628b00a13c0 Unloading class 0x0000000801044c00 'jdk/internal/reflect/GeneratedMethodAccessor10'
Event: 182.529 Thread 0x00007628b00a13c0 Unloading class 0x0000000801044800 'jdk/internal/reflect/GeneratedMethodAccessor9'
Event: 182.529 Thread 0x00007628b00a13c0 Unloading class 0x0000000801044400 'jdk/internal/reflect/GeneratedMethodAccessor8'
Event: 182.529 Thread 0x00007628b00a13c0 Unloading class 0x0000000801044000 'jdk/internal/reflect/GeneratedMethodAccessor7'
Event: 196.112 Thread 0x00007628b00a13c0 Unloading class 0x000000080107b400 'jdk/internal/reflect/GeneratedMethodAccessor12'
Event: 196.112 Thread 0x00007628b00a13c0 Unloading class 0x000000080107b000 'jdk/internal/reflect/GeneratedMethodAccessor11'
Event: 289.134 Thread 0x00007628b00a13c0 Unloading class 0x00000008011a9800 'jdk/internal/reflect/GeneratedConstructorAccessor40'
Event: 289.134 Thread 0x00007628b00a13c0 Unloading class 0x00000008011a9400 'jdk/internal/reflect/GeneratedConstructorAccessor39'
Event: 289.134 Thread 0x00007628b00a13c0 Unloading class 0x00000008011a9000 'jdk/internal/reflect/GeneratedConstructorAccessor38'
Event: 289.134 Thread 0x00007628b00a13c0 Unloading class 0x00000008011a8c00 'jdk/internal/reflect/GeneratedConstructorAccessor37'
Event: 289.134 Thread 0x00007628b00a13c0 Unloading class 0x00000008011a8800 'jdk/internal/reflect/GeneratedConstructorAccessor36'
Event: 299.533 Thread 0x00007628b00a13c0 Unloading class 0x000000080101b000 'jdk/internal/reflect/GeneratedConstructorAccessor23'

Classes redefined (0 events):
No events

Internal exceptions (20 events):
Event: 92.499 Thread 0x0000762820002340 Exception <a 'sun/nio/fs/UnixException'{0x00000000f7956520}> (0x00000000f7956520) 
thrown [src/hotspot/share/prims/jni.cpp, line 516]
Event: 92.500 Thread 0x0000762820002340 Exception <a 'sun/nio/fs/UnixException'{0x00000000f795a3e0}> (0x00000000f795a3e0) 
thrown [src/hotspot/share/prims/jni.cpp, line 516]
Event: 92.502 Thread 0x0000762820002340 Exception <a 'sun/nio/fs/UnixException'{0x00000000f795e5f8}> (0x00000000f795e5f8) 
thrown [src/hotspot/share/prims/jni.cpp, line 516]
Event: 92.506 Thread 0x0000762820002340 Exception <a 'sun/nio/fs/UnixException'{0x00000000f7973f38}> (0x00000000f7973f38) 
thrown [src/hotspot/share/prims/jni.cpp, line 516]
Event: 92.600 Thread 0x0000762820002340 Exception <a 'sun/nio/fs/UnixException'{0x00000000f79bd868}> (0x00000000f79bd868) 
thrown [src/hotspot/share/prims/jni.cpp, line 516]
Event: 92.602 Thread 0x0000762820002340 Exception <a 'sun/nio/fs/UnixException'{0x00000000f79c2298}> (0x00000000f79c2298) 
thrown [src/hotspot/share/prims/jni.cpp, line 516]
Event: 92.603 Thread 0x0000762820002340 Exception <a 'sun/nio/fs/UnixException'{0x00000000f79c6aa0}> (0x00000000f79c6aa0) 
thrown [src/hotspot/share/prims/jni.cpp, line 516]
Event: 95.397 Thread 0x0000762820002340 Exception <a 'sun/nio/fs/UnixException'{0x00000000f782bfa8}> (0x00000000f782bfa8) 
thrown [src/hotspot/share/prims/jni.cpp, line 516]
Event: 108.797 Thread 0x0000762820000ff0 Exception <a 'sun/nio/fs/UnixException'{0x00000000f7a38448}> (0x00000000f7a38448) 
thrown [src/hotspot/share/prims/jni.cpp, line 516]
Event: 110.826 Thread 0x0000762820000ff0 Exception <a 'sun/nio/fs/UnixException'{0x00000000f79895e8}> (0x00000000f79895e8) 
thrown [src/hotspot/share/prims/jni.cpp, line 516]
Event: 120.100 Thread 0x0000762820000ff0 Exception <a 'sun/nio/fs/UnixException'{0x00000000f7a680e0}> (0x00000000f7a680e0) 
thrown [src/hotspot/share/prims/jni.cpp, line 516]
Event: 122.705 Thread 0x0000762820000ff0 Exception <a 'sun/nio/fs/UnixException'{0x00000000f79a1328}> (0x00000000f79a1328) 
thrown [src/hotspot/share/prims/jni.cpp, line 516]
Event: 122.706 Thread 0x0000762820000ff0 Exception <a 'sun/nio/fs/UnixException'{0x00000000f79a9948}> (0x00000000f79a9948) 
thrown [src/hotspot/share/prims/jni.cpp, line 516]
Event: 140.441 Thread 0x0000762820000ff0 Exception <a 'sun/nio/fs/UnixException'{0x00000000f798f6f8}> (0x00000000f798f6f8) 
thrown [src/hotspot/share/prims/jni.cpp, line 516]
Event: 153.821 Thread 0x000076281c117630 Implicit null exception at 0x000076289f16d4d3 to 0x000076289f16d804
Event: 1345.618 Thread 0x00007628445e4cb0 Exception <a 'java/lang/OutOfMemoryError'{0x00000000e00ce2d8}> (0x00000000e00ce2d8) 
thrown [src/hotspot/share/gc/shared/memAllocator.cpp, line 138]
Event: 1345.618 Thread 0x00007628445e4cb0 Implicit null exception at 0x000076289f03e673 to 0x000076289f03ec0e
Event: 1360.425 Thread 0x00007628445e4cb0 Exception <a 'java/lang/OutOfMemoryError'{0x00000000e00cdd38}> (0x00000000e00cdd38) 
thrown [src/hotspot/share/gc/shared/memAllocator.cpp, line 138]
Event: 1360.425 Thread 0x00007628445e4cb0 Implicit null exception at 0x000076289f03e673 to 0x000076289f03ec0e
Event: 1376.006 Thread 0x00007628b00b1980 Exception <a 'java/lang/OutOfMemoryError'{0x00000000e00cdab8}> (0x00000000e00cdab8) 
thrown [src/hotspot/share/gc/shared/memAllocator.cpp, line 136]

VM Operations (20 events):
Event: 1352.242 Executing VM operation: ParallelGCFailedAllocation
Event: 1354.220 Executing VM operation: ParallelGCFailedAllocation done
Event: 1354.220 Executing VM operation: ParallelGCFailedAllocation
Event: 1356.138 Executing VM operation: ParallelGCFailedAllocation done
Event: 1356.138 Executing VM operation: ParallelGCFailedAllocation
Event: 1360.425 Executing VM operation: ParallelGCFailedAllocation done
Event: 1360.425 Executing VM operation: ParallelGCFailedAllocation
Event: 1362.525 Executing VM operation: ParallelGCFailedAllocation done
Event: 1362.526 Executing VM operation: ParallelGCFailedAllocation
Event: 1364.636 Executing VM operation: ParallelGCFailedAllocation done
Event: 1364.636 Executing VM operation: ParallelGCFailedAllocation
Event: 1366.643 Executing VM operation: ParallelGCFailedAllocation done
Event: 1366.643 Executing VM operation: ParallelGCFailedAllocation
Event: 1368.636 Executing VM operation: ParallelGCFailedAllocation done
Event: 1368.637 Executing VM operation: ParallelGCFailedAllocation
Event: 1370.403 Executing VM operation: ParallelGCFailedAllocation done
Event: 1370.403 Executing VM operation: ParallelGCFailedAllocation
Event: 1372.295 Executing VM operation: ParallelGCFailedAllocation done
Event: 1372.296 Executing VM operation: ParallelGCFailedAllocation
Event: 1376.006 Executing VM operation: ParallelGCFailedAllocation done

Events (20 events):
Event: 450.839 Thread 0x00007628b00b42e0 flushing nmethod 0x000076289836d090
Event: 450.840 Thread 0x00007628b00b42e0 flushing nmethod 0x00007628983c8010
Event: 450.841 Thread 0x00007628b00b42e0 flushing nmethod 0x0000762898519910
Event: 450.845 Thread 0x00007628b00b42e0 flushing nmethod 0x0000762898696490
Event: 450.845 Thread 0x00007628b00b42e0 flushing nmethod 0x00007628986b3990
Event: 450.845 Thread 0x00007628b00b42e0 flushing nmethod 0x00007628986edc90
Event: 450.846 Thread 0x00007628b00b42e0 flushing nmethod 0x0000762898743a10
Event: 450.846 Thread 0x00007628b00b42e0 flushing nmethod 0x000076289874bc90
Event: 450.846 Thread 0x00007628b00b42e0 flushing nmethod 0x0000762898751b10
Event: 450.846 Thread 0x00007628b00b42e0 flushing nmethod 0x00007628987cf190
Event: 450.846 Thread 0x00007628b00b42e0 flushing nmethod 0x00007628987df910
Event: 450.846 Thread 0x00007628b00b42e0 flushing nmethod 0x0000762898801110
Event: 450.846 Thread 0x00007628b00b42e0 flushing nmethod 0x0000762898818d10
Event: 450.846 Thread 0x00007628b00b42e0 flushing nmethod 0x000076289881bb90
Event: 450.846 Thread 0x00007628b00b42e0 flushing nmethod 0x000076289881bf10
Event: 450.846 Thread 0x00007628b00b42e0 flushing nmethod 0x0000762898834e10
Event: 450.846 Thread 0x00007628b00b42e0 flushing nmethod 0x0000762898853810
Event: 450.846 Thread 0x00007628b00b42e0 flushing nmethod 0x0000762898859e90
Event: 453.105 Thread 0x00007628b00b42e0 flushing nmethod 0x00007628989ffa10
Event: 453.105 Thread 0x00007628b00b42e0 flushing nmethod 0x0000762898a09f90


Dynamic libraries:
e0000000-f1100000 rw-p 00000000 00:00 0 
f1100000-fb700000 rw-p 00000000 00:00 0 
fb700000-100000000 ---p 00000000 00:00 0 
800000000-800449000 rw-p 00001000 08:10 707969865                        /nix/store/gpxl5qgg8kicmcvivwmybwjlpf7wh20l-graalvm17-ce-22.3.0/lib/server/classes.jsa
800449000-800bc8000 r--p 0044a000 08:10 707969865                        /nix/store/gpxl5qgg8kicmcvivwmybwjlpf7wh20l-graalvm17-ce-22.3.0/lib/server/classes.jsa
800bc8000-800c00000 ---p 00000000 00:00 0 
800c00000-800c10000 rw-p 00000000 00:00 0 
800c10000-800c30000 rw-p 00000000 00:00 0 
800c30000-800cb0000 rw-p 00000000 00:00 0 
800cb0000-800cf0000 rw-p 00000000 00:00 0 
800cf0000-800db0000 rw-p 00000000 00:00 0 
800db0000-800df0000 rw-p 00000000 00:00 0 
800df0000-801150000 rw-p 00000000 00:00 0 
801150000-801180000 ---p 00000000 00:00 0 
801180000-8011c0000 rw-p 00000000 00:00 0 
8011c0000-840c00000 ---p 00000000 00:00 0 
5ab5367a1000-5ab5367a2000 r-xp 00000000 08:10 672029940                  /nix/store/gpxl5qgg8kicmcvivwmybwjlpf7wh20l-graalvm17-ce-22.3.0/bin/.java-wrapped
5ab5367a3000-5ab5367a4000 r--p 00001000 08:10 672029940                  /nix/store/gpxl5qgg8kicmcvivwmybwjlpf7wh20l-graalvm17-ce-22.3.0/bin/.java-wrapped
5ab5367a4000-5ab5367a5000 rw-p 00002000 08:10 672029940                  /nix/store/gpxl5qgg8kicmcvivwmybwjlpf7wh20l-graalvm17-ce-22.3.0/bin/.java-wrapped
5ab5367a5000-5ab5367a6000 rw-p 00004000 08:10 672029940                  /nix/store/gpxl5qgg8kicmcvivwmybwjlpf7wh20l-graalvm17-ce-22.3.0/bin/.java-wrapped
5ab5367a6000-5ab5367a7000 rw-p 00005000 08:10 672029940                  /nix/store/gpxl5qgg8kicmcvivwmybwjlpf7wh20l-graalvm17-ce-22.3.0/bin/.java-wrapped
5ab538792000-5ab5387da000 rw-p 00000000 00:00 0                          [heap]
7627e4000000-7627e4021000 rw-p 00000000 00:00 0 
7627e4021000-7627e8000000 ---p 00000000 00:00 0 
7627e8000000-7627e8021000 rw-p 00000000 00:00 0 
7627e8021000-7627ec000000 ---p 00000000 00:00 0 
7627ec000000-7627ec021000 rw-p 00000000 00:00 0 
7627ec021000-7627f0000000 ---p 00000000 00:00 0 
7627f0000000-7627f0021000 rw-p 00000000 00:00 0 
7627f0021000-7627f4000000 ---p 00000000 00:00 0 
7627f4000000-7627f4021000 rw-p 00000000 00:00 0 
7627f4021000-7627f8000000 ---p 00000000 00:00 0 
7627f8000000-7627f8021000 rw-p 00000000 00:00 0 
7627f8021000-7627fc000000 ---p 00000000 00:00 0 
7627fc000000-7627fc109000 rw-p 00000000 00:00 0 
7627fc109000-762800000000 ---p 00000000 00:00 0 
762800000000-762800039000 rw-p 00000000 00:00 0 
762800039000-762804000000 ---p 00000000 00:00 0 
762804000000-7628040eb000 rw-p 00000000 00:00 0 
7628040eb000-762808000000 ---p 00000000 00:00 0 
76280a4b3000-762814000000 r--s 00000000 08:10 707804677                  /nix/store/gpxl5qgg8kicmcvivwmybwjlpf7wh20l-graalvm17-ce-22.3.0/lib/modules
762814000000-76281459d000 rw-p 00000000 00:00 0 
76281459d000-762818000000 ---p 00000000 00:00 0 
76281a000000-76281a180000 rw-p 00000000 00:00 0 
76281a180000-76281a800000 ---p 00000000 00:00 0 
76281a800000-76281b000000 rw-p 00000000 00:00 0 
76281c000000-76281c198000 rw-p 00000000 00:00 0 
76281c198000-762820000000 ---p 00000000 00:00 0 
762820000000-76282002b000 rw-p 00000000 00:00 0 
76282002b000-762824000000 ---p 00000000 00:00 0 
762824000000-762824021000 rw-p 00000000 00:00 0 
762824021000-762828000000 ---p 00000000 00:00 0 
762828000000-76282804f000 rw-p 00000000 00:00 0 
76282804f000-76282c000000 ---p 00000000 00:00 0 
76282c000000-76282c05d000 rw-p 00000000 00:00 0 
76282c05d000-762830000000 ---p 00000000 00:00 0 
762830000000-762830021000 rw-p 00000000 00:00 0 
762830021000-762834000000 ---p 00000000 00:00 0 
762834000000-76283446e000 rw-p 00000000 00:00 0 
76283446e000-762838000000 ---p 00000000 00:00 0 
762838000000-7628380e1000 rw-p 00000000 00:00 0 
7628380e1000-76283c000000 ---p 00000000 00:00 0 
76283c000000-76283c021000 rw-p 00000000 00:00 0 
76283c021000-762840000000 ---p 00000000 00:00 0 
762840000000-762840021000 rw-p 00000000 00:00 0 
762840021000-762844000000 ---p 00000000 00:00 0 
762844000000-762844872000 rw-p 00000000 00:00 0 
762844872000-762848000000 ---p 00000000 00:00 0 
762848000000-762848021000 rw-p 00000000 00:00 0 
762848021000-76284c000000 ---p 00000000 00:00 0 
76284c000000-76284c021000 rw-p 00000000 00:00 0 
76284c021000-762850000000 ---p 00000000 00:00 0 
762850000000-762850021000 rw-p 00000000 00:00 0 
762850021000-762854000000 ---p 00000000 00:00 0 
762854000000-762854021000 rw-p 00000000 00:00 0 
762854021000-762858000000 ---p 00000000 00:00 0 
762858000000-762858770000 rw-p 00000000 00:00 0 
762858770000-7628587f0000 rw-p 00000000 00:00 0 
7628587f0000-762858800000 ---p 00000000 00:00 0 
762858800000-762858ef0000 rw-p 00000000 00:00 0 
762858ef0000-762858ff0000 rw-p 00000000 00:00 0 
762858ff0000-762859000000 rw-p 00000000 00:00 0 
762859800000-762859bf0000 rw-p 00000000 00:00 0 
762859bf0000-762859ff0000 rw-p 00000000 00:00 0 
762859ff0000-76285a000000 rw-p 00000000 00:00 0 
76285a400000-76285a4f0000 rw-p 00000000 00:00 0 
76285a4f0000-76285a5f0000 rw-p 00000000 00:00 0 
76285a5f0000-76285aaf0000 rw-p 00000000 00:00 0 
76285aaf0000-76285abf0000 rw-p 00000000 00:00 0 
76285abf0000-76285ac00000 rw-p 00000000 00:00 0 
76285ae00000-76285ae10000 r-xp 00000000 00:486 310                       /home/runner/Trabalho/.cache/jdt-language-server/config/org.eclipse.equinox.launcher/org.eclipse.equinox.launcher.gtk.linux.x86_64_1.2.400.v20211117-0650/eclipse_11600.so
76285ae10000-76285b00f000 ---p 00010000 00:486 310                       /home/runner/Trabalho/.cache/jdt-language-server/config/org.eclipse.equinox.launcher/org.eclipse.equinox.launcher.gtk.linux.x86_64_1.2.400.v20211117-0650/eclipse_11600.so
76285b00f000-76285b010000 r--p 0000f000 00:486 310                       /home/runner/Trabalho/.cache/jdt-language-server/config/org.eclipse.equinox.launcher/org.eclipse.equinox.launcher.gtk.linux.x86_64_1.2.400.v20211117-0650/eclipse_11600.so
76285b010000-76285b011000 rw-p 00010000 00:486 310                       /home/runner/Trabalho/.cache/jdt-language-server/config/org.eclipse.equinox.launcher/org.eclipse.equinox.launcher.gtk.linux.x86_64_1.2.400.v20211117-0650/eclipse_11600.so
76285b500000-76285b600000 ---p 00000000 00:00 0 
76285b600000-76285bbaf000 r--p 01122000 08:10 707802136                  /nix/store/gpxl5qgg8kicmcvivwmybwjlpf7wh20l-graalvm17-ce-22.3.0/lib/libjvmcicompiler.so
76285bbaf000-76285bd00000 r--p 00000000 00:00 0 
76285bd00000-76285bd3d000 rw-p 00000000 00:00 0 
76285bd3d000-76285c25d000 rw-p 0185f000 08:10 707802136                  /nix/store/gpxl5qgg8kicmcvivwmybwjlpf7wh20l-graalvm17-ce-22.3.0/lib/libjvmcicompiler.so
76285c25d000-76285c644000 r--p 01d7f000 08:10 707802136                  /nix/store/gpxl5qgg8kicmcvivwmybwjlpf7wh20l-graalvm17-ce-22.3.0/lib/libjvmcicompiler.so
76285c700000-76285c704000 ---p 00000000 00:00 0 
76285c704000-76285c800000 rw-p 00000000 00:00 0 
76285c900000-76285c904000 ---p 00000000 00:00 0 
76285c904000-76285ca00000 rw-p 00000000 00:00 0 
76285cb00000-76285cb04000 ---p 00000000 00:00 0 
76285cb04000-76285cc00000 rw-p 00000000 00:00 0 
76285cd00000-76285cd04000 ---p 00000000 00:00 0 
76285cd04000-76285ce00000 rw-p 00000000 00:00 0 
76285cf00000-76285cf04000 ---p 00000000 00:00 0 
76285cf04000-76285d000000 rw-p 00000000 00:00 0 
76285d000000-76285d004000 ---p 00000000 00:00 0 
76285d004000-76285d100000 rw-p 00000000 00:00 0 
76285d100000-76285d104000 ---p 00000000 00:00 0 
76285d104000-76285d200000 rw-p 00000000 00:00 0 
76285d300000-76285d304000 ---p 00000000 00:00 0 
76285d304000-76285d400000 rw-p 00000000 00:00 0 
76285d400000-76285d404000 ---p 00000000 00:00 0 
76285d404000-76285d500000 rw-p 00000000 00:00 0 
76285d500000-76285d504000 ---p 00000000 00:00 0 
76285d504000-76285d600000 rw-p 00000000 00:00 0 
76285d600000-76285d604000 ---p 00000000 00:00 0 
76285d604000-76285d700000 rw-p 00000000 00:00 0 
76285d700000-76285d704000 ---p 00000000 00:00 0 
76285d704000-76285d800000 rw-p 00000000 00:00 0 
76285d900000-76285d904000 ---p 00000000 00:00 0 
76285d904000-76285da00000 rw-p 00000000 00:00 0 
76285da00000-76285da04000 ---p 00000000 00:00 0 
76285da04000-76285db00000 rw-p 00000000 00:00 0 
76285db00000-76285db04000 ---p 00000000 00:00 0 
76285db04000-76285dc00000 rw-p 00000000 00:00 0 
76285dc00000-76285fd6a000 r-xp 00000000 08:10 707802136                  /nix/store/gpxl5qgg8kicmcvivwmybwjlpf7wh20l-graalvm17-ce-22.3.0/lib/libjvmcicompiler.so
76285fd6a000-76285ff69000 ---p 0216a000 08:10 707802136                  /nix/store/gpxl5qgg8kicmcvivwmybwjlpf7wh20l-graalvm17-ce-22.3.0/lib/libjvmcicompiler.so
76285ff69000-76285ff6a000 r--p 02169000 08:10 707802136                  /nix/store/gpxl5qgg8kicmcvivwmybwjlpf7wh20l-graalvm17-ce-22.3.0/lib/libjvmcicompiler.so
76285ff6a000-76285ff6c000 rw-p 0216a000 08:10 707802136                  /nix/store/gpxl5qgg8kicmcvivwmybwjlpf7wh20l-graalvm17-ce-22.3.0/lib/libjvmcicompiler.so
76285ff6c000-76285ff6d000 rw-p 00000000 00:00 0 
76285ff6d000-76285ff72000 rw-p 023c3000 08:10 707802136                  /nix/store/gpxl5qgg8kicmcvivwmybwjlpf7wh20l-graalvm17-ce-22.3.0/lib/libjvmcicompiler.so
762860000000-762860021000 rw-p 00000000 00:00 0 
762860021000-762864000000 ---p 00000000 00:00 0 
762864000000-762864021000 rw-p 00000000 00:00 0 
762864021000-762868000000 ---p 00000000 00:00 0 
762868000000-762868081000 rw-p 00000000 00:00 0 
762868081000-76286c000000 ---p 00000000 00:00 0 
76286c000000-76286c021000 rw-p 00000000 00:00 0 
76286c021000-762870000000 ---p 00000000 00:00 0 
762870000000-7628700c2000 rw-p 00000000 00:00 0 
7628700c2000-762874000000 ---p 00000000 00:00 0 
762874000000-762874a72000 rw-p 00000000 00:00 0 
762874a72000-762878000000 ---p 00000000 00:00 0 
762878000000-762878021000 rw-p 00000000 00:00 0 
762878021000-76287c000000 ---p 00000000 00:00 0 
76287c000000-76287c021000 rw-p 00000000 00:00 0 
76287c021000-762880000000 ---p 00000000 00:00 0 
762880000000-762880021000 rw-p 00000000 00:00 0 
762880021000-762884000000 ---p 00000000 00:00 0 
762884000000-762884021000 rw-p 00000000 00:00 0 
762884021000-762888000000 ---p 00000000 00:00 0 
762888000000-762888021000 rw-p 00000000 00:00 0 
762888021000-76288c000000 ---p 00000000 00:00 0 
76288c000000-76288c021000 rw-p 00000000 00:00 0 
76288c021000-762890000000 ---p 00000000 00:00 0 
762890000000-76289005e000 rw-p 00000000 00:00 0 
76289005e000-762894000000 ---p 00000000 00:00 0 
762894000000-762894004000 ---p 00000000 00:00 0 
762894004000-762894100000 rw-p 00000000 00:00 0 
762894200000-762894204000 ---p 00000000 00:00 0 
762894204000-762894300000 rw-p 00000000 00:00 0 
762894300000-762894304000 ---p 00000000 00:00 0 
762894304000-762894400000 rw-p 00000000 00:00 0 
762894400000-762894404000 ---p 00000000 00:00 0 
762894404000-762894500000 rw-p 00000000 00:00 0 
762894600000-762894604000 ---p 00000000 00:00 0 
762894604000-762894700000 rw-p 00000000 00:00 0 
762894700000-762894704000 ---p 00000000 00:00 0 
762894704000-762894800000 rw-p 00000000 00:00 0 
762894800000-762894804000 ---p 00000000 00:00 0 
762894804000-762894900000 rw-p 00000000 00:00 0 
762894900000-762894904000 ---p 00000000 00:00 0 
762894904000-762894a00000 rw-p 00000000 00:00 0 
762894a00000-762894a04000 ---p 00000000 00:00 0 
762894a04000-762894b00000 rw-p 00000000 00:00 0 
762894c00000-762894c04000 ---p 00000000 00:00 0 
762894c04000-762894d00000 rw-p 00000000 00:00 0 
762895a68000-762895f00000 rw-p 00000000 00:00 0 
762895f18000-762895f19000 ---p 00000000 00:00 0 
762895f19000-76289601a000 rw-p 00000000 00:00 0 
76289601a000-76289601e000 ---p 00000000 00:00 0 
76289601e000-76289611a000 rw-p 00000000 00:00 0 
76289611a000-76289611e000 ---p 00000000 00:00 0 
76289611e000-76289621a000 rw-p 00000000 00:00 0 
76289621a000-76289621e000 ---p 00000000 00:00 0 
76289621e000-76289631a000 rw-p 00000000 00:00 0 
76289631a000-76289631e000 ---p 00000000 00:00 0 
76289631e000-76289651a000 rw-p 00000000 00:00 0 
76289651a000-76289651e000 ---p 00000000 00:00 0 
76289651e000-76289671a000 rw-p 00000000 00:00 0 
76289671a000-76289671e000 ---p 00000000 00:00 0 
76289671e000-76289681a000 rw-p 00000000 00:00 0 
76289681a000-76289681e000 ---p 00000000 00:00 0 
76289681e000-76289691a000 rw-p 00000000 00:00 0 
76289691a000-762896c00000 r--p 00000000 08:01 1346072                    /usr/lib/locale/locale-archive
762896c00000-762896ff0000 rw-p 00000000 00:00 0 
762896ff0000-7628972b0000 rw-p 00000000 00:00 0 
7628972b0000-7628972f0000 rw-p 00000000 00:00 0 
7628972f0000-762897400000 rw-p 00000000 00:00 0 
76289746a000-76289746e000 ---p 00000000 00:00 0 
76289746e000-76289748c000 rw-p 00000000 00:00 0 
76289748c000-762897493000 r-xp 00000000 08:10 707804676                  /nix/store/gpxl5qgg8kicmcvivwmybwjlpf7wh20l-graalvm17-ce-22.3.0/lib/libzip.so
762897493000-762897494000 ---p 00007000 08:10 707804676                  /nix/store/gpxl5qgg8kicmcvivwmybwjlpf7wh20l-graalvm17-ce-22.3.0/lib/libzip.so
762897494000-762897495000 r--p 00007000 08:10 707804676                  /nix/store/gpxl5qgg8kicmcvivwmybwjlpf7wh20l-graalvm17-ce-22.3.0/lib/libzip.so
762897495000-762897496000 rw-p 00008000 08:10 707804676                  /nix/store/gpxl5qgg8kicmcvivwmybwjlpf7wh20l-graalvm17-ce-22.3.0/lib/libzip.so
762897496000-762897498000 rw-p 0000b000 08:10 707804676                  /nix/store/gpxl5qgg8kicmcvivwmybwjlpf7wh20l-graalvm17-ce-22.3.0/lib/libzip.so
762897498000-7628974ad000 r-xp 00000000 08:10 707804666                  /nix/store/gpxl5qgg8kicmcvivwmybwjlpf7wh20l-graalvm17-ce-22.3.0/lib/libnet.so
7628974ad000-7628974ae000 ---p 00015000 08:10 707804666                  /nix/store/gpxl5qgg8kicmcvivwmybwjlpf7wh20l-graalvm17-ce-22.3.0/lib/libnet.so
7628974ae000-7628974af000 r--p 00015000 08:10 707804666                  /nix/store/gpxl5qgg8kicmcvivwmybwjlpf7wh20l-graalvm17-ce-22.3.0/lib/libnet.so
7628974af000-7628974b0000 rw-p 00016000 08:10 707804666                  /nix/store/gpxl5qgg8kicmcvivwmybwjlpf7wh20l-graalvm17-ce-22.3.0/lib/libnet.so
7628974b0000-7628974b3000 rw-p 0001b000 08:10 707804666                  /nix/store/gpxl5qgg8kicmcvivwmybwjlpf7wh20l-graalvm17-ce-22.3.0/lib/libnet.so
7628974b3000-762897723000 rwxp 00000000 00:00 0 
762897723000-762897a42000 ---p 00000000 00:00 0 
762897a42000-762898b32000 rwxp 00000000 00:00 0 
762898b32000-76289ef7a000 ---p 00000000 00:00 0 
76289ef7a000-76289f1ea000 rwxp 00000000 00:00 0 
76289f1ea000-7628a64b3000 ---p 00000000 00:00 0 
7628a64b3000-7628b0000000 r--s 00000000 08:10 707804677                  /nix/store/gpxl5qgg8kicmcvivwmybwjlpf7wh20l-graalvm17-ce-22.3.0/lib/modules
7628b0000000-7628b0470000 rw-p 00000000 00:00 0 
7628b0470000-7628b4000000 ---p 00000000 00:00 0 
7628b4005000-7628b4018000 r-xp 00000000 08:10 707804667                  /nix/store/gpxl5qgg8kicmcvivwmybwjlpf7wh20l-graalvm17-ce-22.3.0/lib/libnio.so
7628b4018000-7628b4019000 r--p 00012000 08:10 707804667                  /nix/store/gpxl5qgg8kicmcvivwmybwjlpf7wh20l-graalvm17-ce-22.3.0/lib/libnio.so
7628b4019000-7628b401a000 rw-p 00013000 08:10 707804667                  /nix/store/gpxl5qgg8kicmcvivwmybwjlpf7wh20l-graalvm17-ce-22.3.0/lib/libnio.so
7628b401a000-7628b401f000 rw-p 00019000 08:10 707804667                  /nix/store/gpxl5qgg8kicmcvivwmybwjlpf7wh20l-graalvm17-ce-22.3.0/lib/libnio.so
7628b401f000-7628b4023000 ---p 00000000 00:00 0 
7628b4023000-7628b411f000 rw-p 00000000 00:00 0 
7628b411f000-7628b4123000 ---p 00000000 00:00 0 
7628b4123000-7628b421f000 rw-p 00000000 00:00 0 
7628b421f000-7628b4223000 ---p 00000000 00:00 0 
7628b4223000-7628b431f000 rw-p 00000000 00:00 0 
7628b431f000-7628b4320000 ---p 00000000 00:00 0 
7628b4320000-7628b4421000 rw-p 00000000 00:00 0 
7628b4421000-7628b44ef000 r-xp 00000000 08:10 707802132                  /nix/store/gpxl5qgg8kicmcvivwmybwjlpf7wh20l-graalvm17-ce-22.3.0/lib/libjsvml.so
7628b44ef000-7628b44f0000 r--p 000cd000 08:10 707802132                  /nix/store/gpxl5qgg8kicmcvivwmybwjlpf7wh20l-graalvm17-ce-22.3.0/lib/libjsvml.so
7628b44f0000-7628b44f1000 rw-p 000ce000 08:10 707802132                  /nix/store/gpxl5qgg8kicmcvivwmybwjlpf7wh20l-graalvm17-ce-22.3.0/lib/libjsvml.so
7628b44f1000-7628b5dc9000 rw-p 00000000 00:00 0 
7628b5dc9000-7628b5dca000 ---p 00000000 00:00 0 
7628b5dca000-7628b5f54000 rw-p 00000000 00:00 0 
7628b5f54000-7628b5fa7000 rw-p 00000000 00:00 0 
7628b5fa7000-7628b5fcb000 ---p 00000000 00:00 0 
7628b5fcb000-7628b5fd1000 rw-p 00000000 00:00 0 
7628b5fd1000-7628b60b7000 ---p 00000000 00:00 0 
7628b60b7000-7628b60d9000 rw-p 00000000 00:00 0 
7628b60d9000-7628b61a2000 ---p 00000000 00:00 0 
7628b61a2000-7628b61a7000 rw-p 00000000 00:00 0 
7628b61a7000-7628b61ae000 ---p 00000000 00:00 0 
7628b61ae000-7628b61d2000 r-xp 00000000 08:10 707802124                  /nix/store/gpxl5qgg8kicmcvivwmybwjlpf7wh20l-graalvm17-ce-22.3.0/lib/libjava.so
7628b61d2000-7628b61d3000 ---p 00024000 08:10 707802124                  /nix/store/gpxl5qgg8kicmcvivwmybwjlpf7wh20l-graalvm17-ce-22.3.0/lib/libjava.so
7628b61d3000-7628b61d4000 r--p 00024000 08:10 707802124                  /nix/store/gpxl5qgg8kicmcvivwmybwjlpf7wh20l-graalvm17-ce-22.3.0/lib/libjava.so
7628b61d4000-7628b61d5000 rw-p 00025000 08:10 707802124                  /nix/store/gpxl5qgg8kicmcvivwmybwjlpf7wh20l-graalvm17-ce-22.3.0/lib/libjava.so
7628b61d5000-7628b61d6000 rw-p 00000000 00:00 0 
7628b61d6000-7628b61dd000 rw-p 0002f000 08:10 707802124                  /nix/store/gpxl5qgg8kicmcvivwmybwjlpf7wh20l-graalvm17-ce-22.3.0/lib/libjava.so
7628b61dd000-7628b61e5000 rw-s 00000000 00:28c 379                       /tmp/hsperfdata_runner/74
7628b61e5000-7628b61e6000 ---p 00000000 00:00 0 
7628b61e6000-7628b61e7000 r--p 00000000 00:00 0 
7628b61e7000-7628b61e8000 rwxp 00000000 00:00 0 
7628b61e8000-7628b6203000 r-xp 00000000 08:10 707802128                  /nix/store/gpxl5qgg8kicmcvivwmybwjlpf7wh20l-graalvm17-ce-22.3.0/lib/libjimage.so
7628b6203000-7628b6204000 ---p 0001b000 08:10 707802128                  /nix/store/gpxl5qgg8kicmcvivwmybwjlpf7wh20l-graalvm17-ce-22.3.0/lib/libjimage.so
7628b6204000-7628b6206000 r--p 0001b000 08:10 707802128                  /nix/store/gpxl5qgg8kicmcvivwmybwjlpf7wh20l-graalvm17-ce-22.3.0/lib/libjimage.so
7628b6206000-7628b6207000 rw-p 0001d000 08:10 707802128                  /nix/store/gpxl5qgg8kicmcvivwmybwjlpf7wh20l-graalvm17-ce-22.3.0/lib/libjimage.so
7628b6207000-7628b6208000 rw-p 00024000 08:10 707802128                  /nix/store/gpxl5qgg8kicmcvivwmybwjlpf7wh20l-graalvm17-ce-22.3.0/lib/libjimage.so
7628b6208000-7628b620c000 ---p 00000000 00:00 0 
7628b620c000-7628b6308000 rw-p 00000000 00:00 0 
7628b6308000-7628b6316000 r--p 00000000 08:10 600592023                  /nix/store/4nlgxhb09sdr51nc9hdm8az5b08vzkgx-glibc-2.35-163/lib/libm.so.6
7628b6316000-7628b6389000 r-xp 0000e000 08:10 600592023                  /nix/store/4nlgxhb09sdr51nc9hdm8az5b08vzkgx-glibc-2.35-163/lib/libm.so.6
7628b6389000-7628b63e6000 r--p 00081000 08:10 600592023                  /nix/store/4nlgxhb09sdr51nc9hdm8az5b08vzkgx-glibc-2.35-163/lib/libm.so.6
7628b63e6000-7628b63e7000 r--p 000dd000 08:10 600592023                  /nix/store/4nlgxhb09sdr51nc9hdm8az5b08vzkgx-glibc-2.35-163/lib/libm.so.6
7628b63e7000-7628b63e8000 rw-p 000de000 08:10 600592023                  /nix/store/4nlgxhb09sdr51nc9hdm8az5b08vzkgx-glibc-2.35-163/lib/libm.so.6
7628b63e8000-7628b63e9000 r--p 00000000 08:10 600592042                  /nix/store/4nlgxhb09sdr51nc9hdm8az5b08vzkgx-glibc-2.35-163/lib/librt.so.1
7628b63e9000-7628b63ea000 r-xp 00001000 08:10 600592042                  /nix/store/4nlgxhb09sdr51nc9hdm8az5b08vzkgx-glibc-2.35-163/lib/librt.so.1
7628b63ea000-7628b63eb000 r--p 00002000 08:10 600592042                  /nix/store/4nlgxhb09sdr51nc9hdm8az5b08vzkgx-glibc-2.35-163/lib/librt.so.1
7628b63eb000-7628b63ec000 r--p 00002000 08:10 600592042                  /nix/store/4nlgxhb09sdr51nc9hdm8az5b08vzkgx-glibc-2.35-163/lib/librt.so.1
7628b63ec000-7628b63ed000 rw-p 00003000 08:10 600592042                  /nix/store/4nlgxhb09sdr51nc9hdm8az5b08vzkgx-glibc-2.35-163/lib/librt.so.1
7628b63ed000-7628b7500000 r-xp 00000000 08:10 707972962                  /nix/store/gpxl5qgg8kicmcvivwmybwjlpf7wh20l-graalvm17-ce-22.3.0/lib/server/libjvm.so
7628b7500000-7628b7501000 ---p 01113000 08:10 707972962                  /nix/store/gpxl5qgg8kicmcvivwmybwjlpf7wh20l-graalvm17-ce-22.3.0/lib/server/libjvm.so
7628b7501000-7628b75b6000 r--p 01113000 08:10 707972962                  /nix/store/gpxl5qgg8kicmcvivwmybwjlpf7wh20l-graalvm17-ce-22.3.0/lib/server/libjvm.so
7628b75b6000-7628b75ea000 rw-p 011c8000 08:10 707972962                  /nix/store/gpxl5qgg8kicmcvivwmybwjlpf7wh20l-graalvm17-ce-22.3.0/lib/server/libjvm.so
7628b75ea000-7628b7646000 rw-p 00000000 00:00 0 
7628b7646000-7628b766e000 r--p 00000000 08:10 600592014                  /nix/store/4nlgxhb09sdr51nc9hdm8az5b08vzkgx-glibc-2.35-163/lib/libc.so.6
7628b766e000-7628b77e4000 r-xp 00028000 08:10 600592014                  /nix/store/4nlgxhb09sdr51nc9hdm8az5b08vzkgx-glibc-2.35-163/lib/libc.so.6
7628b77e4000-7628b783c000 r--p 0019e000 08:10 600592014                  /nix/store/4nlgxhb09sdr51nc9hdm8az5b08vzkgx-glibc-2.35-163/lib/libc.so.6
7628b783c000-7628b7840000 r--p 001f6000 08:10 600592014                  /nix/store/4nlgxhb09sdr51nc9hdm8az5b08vzkgx-glibc-2.35-163/lib/libc.so.6
7628b7840000-7628b7842000 rw-p 001fa000 08:10 600592014                  /nix/store/4nlgxhb09sdr51nc9hdm8az5b08vzkgx-glibc-2.35-163/lib/libc.so.6
7628b7842000-7628b7851000 rw-p 00000000 00:00 0 
7628b7851000-7628b7852000 r--p 00000000 08:10 600592019                  /nix/store/4nlgxhb09sdr51nc9hdm8az5b08vzkgx-glibc-2.35-163/lib/libdl.so.2
7628b7852000-7628b7853000 r-xp 00001000 08:10 600592019                  /nix/store/4nlgxhb09sdr51nc9hdm8az5b08vzkgx-glibc-2.35-163/lib/libdl.so.2
7628b7853000-7628b7854000 r--p 00002000 08:10 600592019                  /nix/store/4nlgxhb09sdr51nc9hdm8az5b08vzkgx-glibc-2.35-163/lib/libdl.so.2
7628b7854000-7628b7855000 r--p 00002000 08:10 600592019                  /nix/store/4nlgxhb09sdr51nc9hdm8az5b08vzkgx-glibc-2.35-163/lib/libdl.so.2
7628b7855000-7628b7856000 rw-p 00003000 08:10 600592019                  /nix/store/4nlgxhb09sdr51nc9hdm8az5b08vzkgx-glibc-2.35-163/lib/libdl.so.2
7628b7856000-7628b7857000 r--p 00000000 08:10 600592038                  /nix/store/4nlgxhb09sdr51nc9hdm8az5b08vzkgx-glibc-2.35-163/lib/libpthread.so.0
7628b7857000-7628b7858000 r-xp 00001000 08:10 600592038                  /nix/store/4nlgxhb09sdr51nc9hdm8az5b08vzkgx-glibc-2.35-163/lib/libpthread.so.0
7628b7858000-7628b7859000 r--p 00002000 08:10 600592038                  /nix/store/4nlgxhb09sdr51nc9hdm8az5b08vzkgx-glibc-2.35-163/lib/libpthread.so.0
7628b7859000-7628b785a000 r--p 00002000 08:10 600592038                  /nix/store/4nlgxhb09sdr51nc9hdm8az5b08vzkgx-glibc-2.35-163/lib/libpthread.so.0
7628b785a000-7628b785b000 rw-p 00003000 08:10 600592038                  /nix/store/4nlgxhb09sdr51nc9hdm8az5b08vzkgx-glibc-2.35-163/lib/libpthread.so.0
7628b785b000-7628b7869000 r-xp 00000000 08:10 707802129                  /nix/store/gpxl5qgg8kicmcvivwmybwjlpf7wh20l-graalvm17-ce-22.3.0/lib/libjli.so
7628b7869000-7628b786a000 ---p 0000e000 08:10 707802129                  /nix/store/gpxl5qgg8kicmcvivwmybwjlpf7wh20l-graalvm17-ce-22.3.0/lib/libjli.so
7628b786a000-7628b786b000 r--p 0000e000 08:10 707802129                  /nix/store/gpxl5qgg8kicmcvivwmybwjlpf7wh20l-graalvm17-ce-22.3.0/lib/libjli.so
7628b786b000-7628b786c000 rw-p 0000f000 08:10 707802129                  /nix/store/gpxl5qgg8kicmcvivwmybwjlpf7wh20l-graalvm17-ce-22.3.0/lib/libjli.so
7628b786c000-7628b786d000 rw-p 00012000 08:10 707802129                  /nix/store/gpxl5qgg8kicmcvivwmybwjlpf7wh20l-graalvm17-ce-22.3.0/lib/libjli.so
7628b786d000-7628b7870000 r--p 00000000 08:10 678822167                  /nix/store/026hln0aq1hyshaxsdvhg0kmcm6yf45r-zlib-1.2.13/lib/libz.so.1.2.13
7628b7870000-7628b7882000 r-xp 00003000 08:10 678822167                  /nix/store/026hln0aq1hyshaxsdvhg0kmcm6yf45r-zlib-1.2.13/lib/libz.so.1.2.13
7628b7882000-7628b7889000 r--p 00015000 08:10 678822167                  /nix/store/026hln0aq1hyshaxsdvhg0kmcm6yf45r-zlib-1.2.13/lib/libz.so.1.2.13
7628b7889000-7628b788a000 r--p 0001b000 08:10 678822167                  /nix/store/026hln0aq1hyshaxsdvhg0kmcm6yf45r-zlib-1.2.13/lib/libz.so.1.2.13
7628b788a000-7628b788b000 rw-p 0001c000 08:10 678822167                  /nix/store/026hln0aq1hyshaxsdvhg0kmcm6yf45r-zlib-1.2.13/lib/libz.so.1.2.13
7628b788b000-7628b788d000 rw-p 00000000 00:00 0 
7628b788d000-7628b788f000 r--p 00000000 08:10 600592008                  /nix/store/4nlgxhb09sdr51nc9hdm8az5b08vzkgx-glibc-2.35-163/lib/ld-linux-x86-64.so.2
7628b788f000-7628b78b6000 r-xp 00002000 08:10 600592008                  /nix/store/4nlgxhb09sdr51nc9hdm8az5b08vzkgx-glibc-2.35-163/lib/ld-linux-x86-64.so.2
7628b78b6000-7628b78c2000 r--p 00029000 08:10 600592008                  /nix/store/4nlgxhb09sdr51nc9hdm8az5b08vzkgx-glibc-2.35-163/lib/ld-linux-x86-64.so.2
7628b78c2000-7628b78c4000 r--p 00034000 08:10 600592008                  /nix/store/4nlgxhb09sdr51nc9hdm8az5b08vzkgx-glibc-2.35-163/lib/ld-linux-x86-64.so.2
7628b78c4000-7628b78c6000 rw-p 00036000 08:10 600592008                  /nix/store/4nlgxhb09sdr51nc9hdm8az5b08vzkgx-glibc-2.35-163/lib/ld-linux-x86-64.so.2
7ffec27ae000-7ffec27d2000 rw-p 00000000 00:00 0                          [stack]
7ffec27f5000-7ffec27f9000 r--p 00000000 00:00 0                          [vvar]
7ffec27f9000-7ffec27fb000 r-xp 00000000 00:00 0                          [vdso]
ffffffffff600000-ffffffffff601000 --xp 00000000 00:00 0                  [vsyscall]


VM Arguments:
jvm_args: -XX:ThreadPriorityPolicy=1 -XX:+UnlockExperimentalVMOptions -XX:+EnableJVMCIProduct -XX:JVMCIThreadsPerNativeLibraryRuntime=1 -XX:-UnlockExperimentalVMOptions -Declipse.application=org.eclipse.jdt.ls.core.id1 -Dosgi.bundles.defaultStartLevel=4 -Declipse.product=org.eclipse.jdt.ls.core.product -Dlog.level=ALL -Xverify:none -XX:+UseParallelGC -XX:GCTimeRatio=4 -XX:AdaptiveSizePolicyWeight=90 -Dsun.zip.disableMemoryMapping=true -Xmx512m -Xms100m 
java_command: /nix/store/q9712qvwdh22a4krw4jz2sjrz07mvjbl-jdt-language-server-1.9.0/share/java/plugins/org.eclipse.equinox.launcher_1.6.400.v20210924-0641.jar --add-modules=ALL-SYSTEM --add-opens java.base/java.util=ALL-UNNAMED --add-opens java.base/java.lang=ALL-UNNAMED -configuration /home/runner/Trabalho/.cache/jdt-language-server/config -data /home/runner/.cache/jdt-language-server/data/home/runner/Trabalho
java_class_path (initial): /nix/store/q9712qvwdh22a4krw4jz2sjrz07mvjbl-jdt-language-server-1.9.0/share/java/plugins/org.eclipse.equinox.launcher_1.6.400.v20210924-0641.jar
Launcher Type: SUN_STANDARD

[Global flags]
    uintx AdaptiveSizePolicyWeight                 = 90                                        {product} {command line}
     intx CICompilerCount                          = 2                                         {product} {ergonomic}
     bool EnableJVMCIProduct                       = true                                {JVMCI product} {jimage}
    uintx GCTimeRatio                              = 4                                         {product} {command line}
   size_t InitialHeapSize                          = 104857600                                 {product} {command line}
     uint JVMCIThreadsPerNativeLibraryRuntime      = 1                                   {JVMCI product} {jimage}
   size_t MaxHeapSize                              = 536870912                                 {product} {command line}
   size_t MaxNewSize                               = 178782208                                 {product} {ergonomic}
   size_t MinHeapDeltaBytes                        = 524288                                    {product} {ergonomic}
   size_t MinHeapSize                              = 104857600                                 {product} {command line}
   size_t NewSize                                  = 34603008                                  {product} {ergonomic}
    uintx NonNMethodCodeHeapSize                   = 5826188                                {pd product} {ergonomic}
    uintx NonProfiledCodeHeapSize                  = 122916026                              {pd product} {ergonomic}
   size_t OldSize                                  = 70254592                                  {product} {ergonomic}
    uintx ProfiledCodeHeapSize                     = 122916026                              {pd product} {ergonomic}
    uintx ReservedCodeCacheSize                    = 251658240                              {pd product} {ergonomic}
     bool SegmentedCodeCache                       = true                                      {product} {ergonomic}
   size_t SoftMaxHeapSize                          = 536870912                              {manageable} {ergonomic}
     intx ThreadPriorityPolicy                     = 1                                         {product} {jimage}
     bool UseCompressedClassPointers               = true                           {product lp64_product} {ergonomic}
     bool UseCompressedOops                        = true                           {product lp64_product} {ergonomic}
     bool UseParallelGC                            = true                                      {product} {command line}

Logging:
Log output configuration:
 #0: stdout all=warning uptime,level,tags
 #1: stderr all=off uptime,level,tags

Environment Variables:
JAVA_HOME=/nix/store/gpxl5qgg8kicmcvivwmybwjlpf7wh20l-graalvm17-ce-22.3.0
PATH=/nix/store/1d6ian3r8kdzspw8hacjhl3xkp40g1lj-binutils-wrapper-2.39/bin:/nix/store/dq0xwmsk1g0i2ayg6pb7y87na2knzylh-gcc-wrapper-11.3.0/bin:/nix/store/bap4d0lpcrhpwmpb8ayjcgkmvfj62lnq-bash-interactive-5.1-p16/bin:/nix/store/pr5n59mb4jzmfx6kanwxly0l07p861fg-patchelf-0.15.0/bin:/nix/store/1gf2flfqnpqbr1b4p4qz2f72y42bs56r-gcc-11.3.0/bin:/nix/store/57xv61c5zi8pphjbcwxxjlgc34p61ic9-glibc-2.35-163-bin/bin:/nix/store/a7gvj343m05j2s32xcnwr35v31ynlypr-coreutils-9.1/bin:/nix/store/039g378vc3pc3dvi9dzdlrd0i4q93qwf-binutils-2.39/bin:/nix/store/gpxl5qgg8kicmcvivwmybwjlpf7wh20l-graalvm17-ce-22.3.0/bin:/nix/store/6z9ag3ihc8mq2hzsw48lhbznvzny65nz-apache-maven-3.8.6/bin:/nix/store/q9712qvwdh22a4krw4jz2sjrz07mvjbl-jdt-language-server-1.9.0/bin:/nix/store/9zdrgm97n766nc0kj11x4xvvp00qlfk9-java-debug/bin:/nix/store/18y8p4mjwjy26npih04hfv48wz9czgk3-attr-2.5.1-bin/bin:/nix/store/q8s1kzhsblr2a1p2g0lh2dkcgca1im3z-libcap-2.66/bin:/nix/store/bvihhgw8bh6cqqlj0d4s8cvmm4mqmzfc-pulseaudio-16.1/bin:/nix/store/mydc6f4k2z73xlcz7ilif3v2lcaiqvza-findutils-4.9.0/bin:/nix/store/j9p3g8472iijd50vhdprx0nmk2fqn5gv-diffutils-3.8/bin:/nix/store/89zs7rms6x00xfq4dq6m7mjnhkr8a6r4-gnused-4.8/bin:/nix/store/86bp03jkmsl6f92w0yzg4s59g5mhxwmy-gnugrep-3.7/bin:/nix/store/hwcdqw4jrjnd37wxqgsd47hd0j8bnj09-gawk-5.1.1/bin:/nix/store/cfbhw8r8ags41vwqaz47r583d0p4h4a1-gnutar-1.34/bin:/nix/store/p3m1ndl1lapwrlh698bnb5lvvxh67378-gzip-1.12/bin:/nix/store/a8mhcagrsly7c7mpjrpsnaahk4aax056-bzip2-1.0.8-bin/bin:/nix/store/mblgz65m3zv9x548a3d5m96fj2pbwr09-gnumake-4.3/bin:/nix/store/dsd5gz46hdbdk2rfdimqddhq6m8m8fqs-bash-5.1-p16/bin:/nix/store/v7ljksji50mg3w61dykaa3n3y79n6nil-patch-2.7.6/bin:/nix/store/zlcnmqq14jz5x9439jf937mvayyl63da-xz-5.2.7-bin/bin:/nix/store/y6aj732zm9m87c82fpvf103a1xb22blp-file-5.43/bin:/nix/store/d7z1bsqn8jvk5fjxcilhpc1l33zwq21c-pid1/bin:/nix/store/jy2f8i7xl7cbnqxhdf4c5a6cdr0k9rb9-replit-runtime-path/bin:/home/runner/.nix-profile/bin:/home/runner/.local/bin:/usr/local/sbin:/usr/local/bin:/usr/sbin:/usr/bin:/sbin:/b
LD_LIBRARY_PATH=/nix/store/a4pff549sk2idnkpzk5nsfps3mdkdnvm-cups-2.4.2-lib/lib:/nix/store/72mqxxhh3cy5yifh92wh2yb8cl2hikyy-cairo-1.16.0/lib:/nix/store/2k366jrbsra97gjfxwvrhvixjfxdach5-glib-2.74.1/lib:/nix/store/2j2znigd8ak37rlwh9khz0ry3clqlw1l-gtk+3-3.24.34/lib
DISPLAY=:0
LANG=en_US.UTF-8

Signal Handlers:
   SIGSEGV: crash_handler in libjvm.so, mask=11100100010111111101111111111110, flags=SA_RESTART|SA_SIGINFO
    SIGBUS: crash_handler in libjvm.so, mask=11100100010111111101111111111110, flags=SA_RESTART|SA_SIGINFO
    SIGFPE: crash_handler in libjvm.so, mask=11100100010111111101111111111110, flags=SA_RESTART|SA_SIGINFO
   SIGPIPE: IsolateEnterStub_IgnoreSIGPIPEStartupHook_noopSignalHandler_8f19bff2f35b5f630d83b364d6b2339320d4ec70_216e8361c6bc87a8f89f58cc10d3b2fd4415bf87 in libjvmcicompiler.so, mask=00000000000000000000000000000000, flags=SA_RESTART
  *** Handler was modified!
  *** Expected: javaSignalHandler in libjvm.so, mask=11100100110111111111111111111110, flags=SA_RESTART|SA_SIGINFO
   SIGXFSZ: javaSignalHandler in libjvm.so, mask=11100100010111111101111111111110, flags=SA_RESTART|SA_SIGINFO
    SIGILL: crash_handler in libjvm.so, mask=11100100010111111101111111111110, flags=SA_RESTART|SA_SIGINFO
   SIGUSR2: SR_handler in libjvm.so, mask=00000000000000000000000000000000, flags=SA_RESTART|SA_SIGINFO
    SIGHUP: UserHandler in libjvm.so, mask=11100100010111111101111111111110, flags=SA_RESTART|SA_SIGINFO
    SIGINT: UserHandler in libjvm.so, mask=11100100010111111101111111111110, flags=SA_RESTART|SA_SIGINFO
   SIGTERM: UserHandler in libjvm.so, mask=11100100010111111101111111111110, flags=SA_RESTART|SA_SIGINFO
   SIGQUIT: UserHandler in libjvm.so, mask=11100100010111111101111111111110, flags=SA_RESTART|SA_SIGINFO
  *** Handler was modified!
  *** Expected: javaSignalHandler in libjvm.so, mask=11100100110111111111111111111110, flags=SA_RESTART|SA_SIGINFO
   SIGTRAP: crash_handler in libjvm.so, mask=11100100010111111101111111111110, flags=SA_RESTART|SA_SIGINFO


---------------  S Y S T E M  ---------------

OS:
DISTRIB_ID=Ubuntu
DISTRIB_RELEASE=20.04
DISTRIB_CODENAME=focal
DISTRIB_DESCRIPTION="Ubuntu 20.04.2 LTS"
uname: Linux 6.5.0-1018-gcp #18~22.04.1-Ubuntu SMP Fri Apr  5 04:57:38 UTC 2024 x86_64
OS uptime: 0 days 0:31 hours
libc: glibc 2.35 NPTL 2.35 
rlimit (soft/hard): STACK 8192k/infinity , CORE infinity/infinity , NPROC infinity/infinity , NOFILE 5242/5242 , AS infinity/infinity , CPU infinity/infinity , DATA infinity/infinity , FSIZE infinity/infinity , MEMLOCK 8192k/8192k
load average: 8.23 10.16 8.49

/proc/meminfo:
MemTotal:       65835396 kB
MemFree:        41398248 kB
MemAvailable:   49516860 kB
Buffers:          521772 kB
Cached:          7657516 kB
SwapCached:            0 kB
Active:         16421212 kB
Inactive:        6311760 kB
Active(anon):   13950804 kB
Inactive(anon):   554084 kB
Active(file):    2470408 kB
Inactive(file):  5757676 kB
Unevictable:       27700 kB
Mlocked:           27700 kB
SwapTotal:             0 kB
SwapFree:              0 kB
Zswap:                 0 kB
Zswapped:              0 kB
Dirty:              3092 kB
Writeback:             0 kB
AnonPages:      14547480 kB
Mapped:          1599092 kB
Shmem:             39648 kB
KReclaimable:     616980 kB
Slab:             982656 kB
SReclaimable:     616980 kB
SUnreclaim:       365676 kB
KernelStack:      111584 kB
PageTables:       195740 kB
SecPageTables:         0 kB
NFS_Unstable:          0 kB
Bounce:                0 kB
WritebackTmp:          0 kB
CommitLimit:    32917696 kB
Committed_AS:   43299688 kB
VmallocTotal:   34359738367 kB
VmallocUsed:      131968 kB
VmallocChunk:          0 kB
Percpu:            24928 kB
HardwareCorrupted:     0 kB
AnonHugePages:    278528 kB
ShmemHugePages:        0 kB
ShmemPmdMapped:        0 kB
FileHugePages:         0 kB
FilePmdMapped:         0 kB
Unaccepted:            0 kB
HugePages_Total:       0
HugePages_Free:        0
HugePages_Rsvd:        0
HugePages_Surp:        0
Hugepagesize:       2048 kB
Hugetlb:               0 kB
DirectMap4k:      138040 kB
DirectMap2M:     7198720 kB
DirectMap1G:    61865984 kB

/sys/kernel/mm/transparent_hugepage/enabled: always [madvise] never
/sys/kernel/mm/transparent_hugepage/defrag (defrag/compaction efforts parameter): always defer defer+madvise [madvise] never

Process Memory:
Virtual Size: 4922984K (peak: 4950824K)
Resident Set Size: 759084K (peak: 792432K) (anon: 561904K, file: 197180K, shmem: 0K)
Swapped out: 0K
C-Heap outstanding allocations: 39880K, retained: 14663K
glibc malloc tunables: (default)

/proc/sys/kernel/threads-max (system-wide limit on the number of threads): 514277
/proc/sys/vm/max_map_count (maximum number of memory map areas a process may have): 65530
/proc/sys/kernel/pid_max (system-wide limit on number of process identifiers): 4194304

container (cgroup) information:
container_type: cgroupv2
cpu_cpuset_cpus: not supported
cpu_memory_nodes: not supported
active_processor_count: 1
cpu_quota: 50000
cpu_period: 100000
cpu_shares: no shares
memory_limit_in_bytes: 1048576 k
memory_and_swap_limit_in_bytes: unlimited
memory_soft_limit_in_bytes: 524288 k
memory_usage_in_bytes: 601660 k
memory_max_usage_in_bytes: not supported
maximum number of tasks: 1020
current number of tasks: 41

KVM virtualization detected
Steal ticks since vm start: 4723
Steal ticks percentage since vm start:  0.004

CPU: total 8 (initial active 1) (4 cores per cpu, 2 threads per core) family 6 model 79 stepping 0 microcode 0xffffffff, cx8, cmov, fxsr, ht, mmx, 3dnowpref, sse, sse2, sse3, ssse3, sse4.1, sse4.2, popcnt, lzcnt, tsc, tscinvbit, avx, avx2, aes, erms, clmul, bmi1, bmi2, rtm, adx, fma, vzeroupper, clflush, hv
CPU Model and flags from /proc/cpuinfo:
model name	: Intel(R) Xeon(R) CPU @ 2.20GHz
flags		: fpu vme de pse tsc msr pae mce cx8 apic sep mtrr pge mca cmov pat pse36 clflush mmx fxsr sse sse2 ss ht syscall nx pdpe1gb rdtscp lm constant_tsc rep_good nopl xtopology nonstop_tsc cpuid tsc_known_freq pni pclmulqdq ssse3 fma cx16 pcid sse4_1 sse4_2 x2apic movbe popcnt aes xsave avx f16c rdrand hypervisor lahf_lm abm 3dnowprefetch invpcid_single pti ssbd ibrs ibpb stibp fsgsbase tsc_adjust bmi1 hle avx2 smep bmi2 erms invpcid rtm rdseed adx smap xsaveopt arat md_clear arch_capabilities

Online cpus: 0-7
Offline cpus: 
BIOS frequency limitation: <Not Available>
Frequency switch latency (ns): <Not Available>
Available cpu frequencies: <Not Available>
Current governor: <Not Available>
Core performance/turbo boost: <Not Available>

Memory: 4k page, physical 1048576k(446904k free), swap 0k(0k free)
Page Sizes: 4k

vm_info: OpenJDK 64-Bit Server VM (17.0.5+8-jvmci-22.3-b08) for linux-amd64 JRE (17.0.5+8-jvmci-22.3-b08), built on Oct 19 2022 09:01:27 by "buildslave" with gcc 10.3.0

END.
